{"/home/jpburford/projects/glyphx/monorepo/packages/fileIngestion/src/fieldProcessing/index.ts":{"path":"/home/jpburford/projects/glyphx/monorepo/packages/fileIngestion/src/fieldProcessing/index.ts","statementMap":{"0":{"start":{"line":2,"column":0},"end":{"line":2,"column":62}},"1":{"start":{"line":3,"column":0},"end":{"line":3,"column":71}},"2":{"start":{"line":4,"column":27},"end":{"line":4,"column":58}},"3":{"start":{"line":5,"column":0},"end":{"line":5,"column":145}},"4":{"start":{"line":5,"column":92},"end":{"line":5,"column":139}},"5":{"start":{"line":6,"column":33},"end":{"line":6,"column":70}},"6":{"start":{"line":7,"column":0},"end":{"line":7,"column":163}},"7":{"start":{"line":7,"column":98},"end":{"line":7,"column":157}}},"fnMap":{"0":{"name":"(anonymous_0)","decl":{"start":{"line":5,"column":78},"end":{"line":5,"column":79}},"loc":{"start":{"line":5,"column":90},"end":{"line":5,"column":141}},"line":5},"1":{"name":"(anonymous_1)","decl":{"start":{"line":7,"column":84},"end":{"line":7,"column":85}},"loc":{"start":{"line":7,"column":96},"end":{"line":7,"column":159}},"line":7}},"branchMap":{},"s":{"0":1,"1":1,"2":1,"3":1,"4":25,"5":1,"6":1,"7":16},"f":{"0":25,"1":16},"b":{},"inputSourceMap":{"version":3,"file":"/home/jpburford/projects/glyphx/monorepo/packages/fileIngestion/src/fieldProcessing/index.ts","sources":["/home/jpburford/projects/glyphx/monorepo/packages/fileIngestion/src/fieldProcessing/index.ts"],"names":[],"mappings":";;;AAAA,2DAAwD;AAAhD,wHAAA,kBAAkB,OAAA;AAC1B,uEAAoE;AAA5D,oIAAA,wBAAwB,OAAA","sourcesContent":["export {NumberFieldChecker} from './numberFieldChecker';\nexport {BasicFieldTypeCalculator} from './basicFieldTypeCalculator';\n"]},"_coverageSchema":"1a1c01bbd47fc00a2c39e90264f33305004495a9","hash":"2b4d4f7bc35ab5f2fdc5cb4f73c2590cac2a6d59","contentHash":"23e835ad598858eb893b022efb3a3c211cc38ccd9f940b8e71c542cb784c7de6"},"/home/jpburford/projects/glyphx/monorepo/packages/fileIngestion/src/fieldProcessing/numberFieldChecker.ts":{"path":"/home/jpburford/projects/glyphx/monorepo/packages/fileIngestion/src/fieldProcessing/numberFieldChecker.ts","statementMap":{"0":{"start":{"line":2,"column":22},"end":{"line":4,"column":1}},"1":{"start":{"line":3,"column":4},"end":{"line":3,"column":62}},"2":{"start":{"line":5,"column":0},"end":{"line":5,"column":62}},"3":{"start":{"line":6,"column":0},"end":{"line":6,"column":36}},"4":{"start":{"line":7,"column":15},"end":{"line":7,"column":38}},"5":{"start":{"line":8,"column":14},"end":{"line":8,"column":65}},"6":{"start":{"line":21,"column":21},"end":{"line":21,"column":26}},"7":{"start":{"line":22,"column":8},"end":{"line":28,"column":9}},"8":{"start":{"line":23,"column":24},"end":{"line":23,"column":42}},"9":{"start":{"line":24,"column":12},"end":{"line":27,"column":13}},"10":{"start":{"line":25,"column":16},"end":{"line":25,"column":30}},"11":{"start":{"line":26,"column":16},"end":{"line":26,"column":22}},"12":{"start":{"line":29,"column":8},"end":{"line":29,"column":22}},"13":{"start":{"line":39,"column":25},"end":{"line":39,"column":37}},"14":{"start":{"line":40,"column":26},"end":{"line":40,"column":50}},"15":{"start":{"line":42,"column":8},"end":{"line":49,"column":9}},"16":{"start":{"line":46,"column":12},"end":{"line":48,"column":13}},"17":{"start":{"line":47,"column":16},"end":{"line":47,"column":53}},"18":{"start":{"line":50,"column":8},"end":{"line":50,"column":26}},"19":{"start":{"line":56,"column":27},"end":{"line":56,"column":63}},"20":{"start":{"line":60,"column":8},"end":{"line":60,"column":72}},"21":{"start":{"line":61,"column":23},"end":{"line":61,"column":45}},"22":{"start":{"line":62,"column":8},"end":{"line":62,"column":22}},"23":{"start":{"line":68,"column":25},"end":{"line":68,"column":61}},"24":{"start":{"line":69,"column":8},"end":{"line":71,"column":9}},"25":{"start":{"line":70,"column":12},"end":{"line":70,"column":121}},"26":{"start":{"line":72,"column":8},"end":{"line":72,"column":50}},"27":{"start":{"line":73,"column":8},"end":{"line":73,"column":34}},"28":{"start":{"line":76,"column":0},"end":{"line":76,"column":48}}},"fnMap":{"0":{"name":"(anonymous_0)","decl":{"start":{"line":2,"column":56},"end":{"line":2,"column":57}},"loc":{"start":{"line":2,"column":71},"end":{"line":4,"column":1}},"line":2},"1":{"name":"(anonymous_1)","decl":{"start":{"line":20,"column":4},"end":{"line":20,"column":5}},"loc":{"start":{"line":20,"column":28},"end":{"line":30,"column":5}},"line":20},"2":{"name":"(anonymous_2)","decl":{"start":{"line":37,"column":4},"end":{"line":37,"column":5}},"loc":{"start":{"line":37,"column":36},"end":{"line":51,"column":5}},"line":37},"3":{"name":"(anonymous_3)","decl":{"start":{"line":55,"column":4},"end":{"line":55,"column":5}},"loc":{"start":{"line":55,"column":22},"end":{"line":63,"column":5}},"line":55},"4":{"name":"(anonymous_4)","decl":{"start":{"line":67,"column":4},"end":{"line":67,"column":5}},"loc":{"start":{"line":67,"column":24},"end":{"line":74,"column":5}},"line":67}},"branchMap":{"0":{"loc":{"start":{"line":2,"column":22},"end":{"line":4,"column":1}},"type":"binary-expr","locations":[{"start":{"line":2,"column":23},"end":{"line":2,"column":27}},{"start":{"line":2,"column":31},"end":{"line":2,"column":51}},{"start":{"line":2,"column":56},"end":{"line":4,"column":1}}],"line":2},"1":{"loc":{"start":{"line":3,"column":11},"end":{"line":3,"column":61}},"type":"cond-expr","locations":[{"start":{"line":3,"column":37},"end":{"line":3,"column":40}},{"start":{"line":3,"column":43},"end":{"line":3,"column":61}}],"line":3},"2":{"loc":{"start":{"line":3,"column":12},"end":{"line":3,"column":33}},"type":"binary-expr","locations":[{"start":{"line":3,"column":12},"end":{"line":3,"column":15}},{"start":{"line":3,"column":19},"end":{"line":3,"column":33}}],"line":3},"3":{"loc":{"start":{"line":24,"column":12},"end":{"line":27,"column":13}},"type":"if","locations":[{"start":{"line":24,"column":12},"end":{"line":27,"column":13}},{"start":{"line":24,"column":12},"end":{"line":27,"column":13}}],"line":24},"4":{"loc":{"start":{"line":42,"column":8},"end":{"line":49,"column":9}},"type":"if","locations":[{"start":{"line":42,"column":8},"end":{"line":49,"column":9}},{"start":{"line":42,"column":8},"end":{"line":49,"column":9}}],"line":42},"5":{"loc":{"start":{"line":42,"column":12},"end":{"line":44,"column":46}},"type":"binary-expr","locations":[{"start":{"line":42,"column":12},"end":{"line":42,"column":28}},{"start":{"line":43,"column":12},"end":{"line":43,"column":28}},{"start":{"line":44,"column":13},"end":{"line":44,"column":27}},{"start":{"line":44,"column":31},"end":{"line":44,"column":45}}],"line":42},"6":{"loc":{"start":{"line":46,"column":12},"end":{"line":48,"column":13}},"type":"if","locations":[{"start":{"line":46,"column":12},"end":{"line":48,"column":13}},{"start":{"line":46,"column":12},"end":{"line":48,"column":13}}],"line":46},"7":{"loc":{"start":{"line":69,"column":8},"end":{"line":71,"column":9}},"type":"if","locations":[{"start":{"line":69,"column":8},"end":{"line":71,"column":9}},{"start":{"line":69,"column":8},"end":{"line":71,"column":9}}],"line":69}},"s":{"0":1,"1":1,"2":1,"3":1,"4":1,"5":1,"6":70444,"7":70444,"8":13171408,"9":13171408,"10":9,"11":9,"12":70444,"13":98342,"14":98342,"15":98342,"16":70442,"17":8,"18":98342,"19":97003,"20":97003,"21":97003,"22":97003,"23":1339,"24":1339,"25":52,"26":1287,"27":1287,"28":1},"f":{"0":1,"1":70444,"2":98342,"3":97003,"4":1339},"b":{"0":[1,1,1],"1":[0,1],"2":[1,1],"3":[9,13171399],"4":[70442,27900],"5":[98342,98341,98336,98328],"6":[8,70434],"7":[52,1287]},"inputSourceMap":{"version":3,"file":"/home/jpburford/projects/glyphx/monorepo/packages/fileIngestion/src/fieldProcessing/numberFieldChecker.ts","sources":["/home/jpburford/projects/glyphx/monorepo/packages/fileIngestion/src/fieldProcessing/numberFieldChecker.ts"],"names":[],"mappings":";;;;;;AACA,uCAAmC;AACnC,kEAA0D;AAE1D;;;;GAIG;AACH,MAAa,kBAAkB;IAG7B;;;;OAIG;IACK,gBAAgB,CAAC,KAAa;QACpC,IAAI,MAAM,GAAG,KAAK,CAAC;QACnB,KAAK,MAAM,GAAG,IAAI,aAAmB,EAAE;YACrC,MAAM,GAAG,GAAG,aAAmB,CAAC,GAAG,CAAC,CAAC;YACrC,IAAI,GAAG,KAAK,KAAK,EAAE;gBACjB,MAAM,GAAG,IAAI,CAAC;gBACd,MAAM;aACP;SACF;QACD,OAAO,MAAM,CAAC;IAChB,CAAC;IAED,4HAA4H;IAC5H;;;;OAIG;IACK,wBAAwB,CAAC,KAAa;QAC5C,6CAA6C;QAC7C,IAAI,UAAU,GAAG,KAAK,CAAC,IAAI,EAAE,CAAC;QAC9B,MAAM,SAAS,GAAG,UAAU,CAAC,UAAU,CAAC,CAAC,CAAC,CAAC;QAE3C,wDAAwD;QACxD,IACE,SAAS,KAAK,EAAE,IAAI,GAAG;YACvB,SAAS,KAAK,EAAE,IAAI,GAAG;YACvB,CAAC,SAAS,GAAG,EAAE,IAAI,SAAS,GAAG,EAAE,CAAC,CAAC,QAAQ;UAC3C;YACA,IAAI,IAAI,CAAC,gBAAgB,CAAC,UAAU,CAAC,CAAC,CAAC,CAAC,EAAE;gBACxC,UAAU,GAAG,UAAU,CAAC,SAAS,CAAC,CAAC,CAAC,CAAC;aACtC;SACF;QAED,OAAO,UAAU,CAAC;IACpB,CAAC;IAED;;OAEG;IACI,UAAU,CAAC,KAAa;QAC7B,MAAM,UAAU,GAAG,IAAI,CAAC,wBAAwB,CAAC,KAAK,CAAC,CAAC;QAExD,4CAA4C;QAC5C,MAAM,KAAK;QACT,4CAA4C;QAC5C,gEAAgE,CAAC;QAEnE,MAAM,MAAM,GAAG,KAAK,CAAC,IAAI,CAAC,UAAU,CAAC,CAAC;QACtC,OAAO,MAAM,CAAC;IAChB,CAAC;IACD;;OAEG;IACI,YAAY,CAAC,KAAa;QAC/B,IAAI,UAAU,GAAG,IAAI,CAAC,wBAAwB,CAAC,KAAK,CAAC,CAAC;QACtD,IAAI,CAAC,IAAI,CAAC,UAAU,CAAC,UAAU,CAAC,EAAE;YAChC,MAAM,IAAI,YAAK,CAAC,oBAAoB,CAClC,wBAAwB,KAAK,kBAAkB,EAC/C,OAAO,EACP,KAAK,CACN,CAAC;SACH;QAED,UAAU,GAAG,UAAU,CAAC,OAAO,CAAC,IAAI,EAAE,EAAE,CAAC,CAAC;QAC1C,OAAO,MAAM,CAAC,UAAU,CAAC,CAAC;IAC5B,CAAC;CACF;AA3ED,gDA2EC","sourcesContent":["import * as fieldProcessingInterfaces from '@interfaces/fieldProcessing';\nimport {error} from '@glyphx/core';\nimport currencyToSymbolMap from 'currency-symbol-map/map';\n\n/**\n * This class will take in a string and determine whether or\n * not it is a number. See {@link interfaces/fieldProcessing/iFieldChecker!IFieldChecker}\n * additional details.\n */\nexport class NumberFieldChecker\n  implements fieldProcessingInterfaces.IFieldChecker<number>\n{\n  /**\n   *  Will take an input and compare it to a currency symbol table\n   *  {@link https://github.com/bengourley/currency-symbol-map#readme currency-symbol-map }\n   *  to determine whether or not the string is a currency symbol\n   */\n  private isCurrencySymbol(input: string): boolean {\n    let retval = false;\n    for (const key in currencyToSymbolMap) {\n      const sym = currencyToSymbolMap[key];\n      if (sym === input) {\n        retval = true;\n        break;\n      }\n    }\n    return retval;\n  }\n\n  //TODO: we probbaly want to convert accounting practice of wrapping a negative value in () and replacing it with a '-' sign.\n  /**\n   * will prepare our string for comparison by:\n   * 1. triming leading and trailing spaces\n   * 2. removing leading currency symbols.\n   */\n  private cleanStringForProcessing(input: string) {\n    //make a copy because we may alter the string\n    let tempString = input.trim();\n    const asciiCode = tempString.charCodeAt(0);\n\n    //do we have a currency symbol that needs to be removed.\n    if (\n      asciiCode !== 43 && //+\n      asciiCode !== 45 && //-\n      (asciiCode < 48 || asciiCode > 57) // 0 - 9\n    ) {\n      if (this.isCurrencySymbol(tempString[0])) {\n        tempString = tempString.substring(1);\n      }\n    }\n\n    return tempString;\n  }\n\n  /**\n   * See the interface IFieldChecker for more information. {@link interfaces/fieldProcessing/iFieldChecker!IFieldChecker.checkField | IFieldChecker.checkField}\n   */\n  public checkField(input: string): boolean {\n    const tempString = this.cleanStringForProcessing(input);\n\n    //eslint-disable-next-line no-useless-escape\n    const regex =\n      //eslint-disable-next-line no-useless-escape\n      /^[\\-\\+]?([0-9]{1,3},([0-9]{3},)*[0-9]{3}|[0-9]+)(\\.([0-9]*))?$/;\n\n    const retval = regex.test(tempString);\n    return retval;\n  }\n  /**\n   * See the interface IFieldChecker for more information. {@link interfaces/fieldProcessing/iFieldChecker!IFieldChecker.convertField | IFieldChecker.convertField}\n   */\n  public convertField(input: string): number {\n    let tempString = this.cleanStringForProcessing(input);\n    if (!this.checkField(tempString)) {\n      throw new error.InvalidArgumentError(\n        `The input value of : ${input} is not a number`,\n        'input',\n        input\n      );\n    }\n\n    tempString = tempString.replace(/,/g, '');\n    return Number(tempString);\n  }\n}\n"]},"_coverageSchema":"1a1c01bbd47fc00a2c39e90264f33305004495a9","hash":"7f2693307dc63fcac4c52458b79b49909f2c88e2","contentHash":"546755fda22c2cf1976e8c3f4a8af67b33a568f79fc576d113d54b994a7c0c3e"},"/home/jpburford/projects/glyphx/monorepo/packages/fileIngestion/src/fieldProcessing/basicFieldTypeCalculator.ts":{"path":"/home/jpburford/projects/glyphx/monorepo/packages/fileIngestion/src/fieldProcessing/basicFieldTypeCalculator.ts","statementMap":{"0":{"start":{"line":2,"column":0},"end":{"line":2,"column":62}},"1":{"start":{"line":3,"column":0},"end":{"line":3,"column":78}},"2":{"start":{"line":4,"column":15},"end":{"line":4,"column":38}},"3":{"start":{"line":5,"column":29},"end":{"line":5,"column":60}},"4":{"start":{"line":7,"column":16},"end":{"line":7,"column":40}},"5":{"start":{"line":12,"column":0},"end":{"line":12,"column":40}},"6":{"start":{"line":25,"column":8},"end":{"line":25,"column":30}},"7":{"start":{"line":32,"column":8},"end":{"line":32,"column":31}},"8":{"start":{"line":39,"column":8},"end":{"line":39,"column":36}},"9":{"start":{"line":46,"column":8},"end":{"line":48,"column":9}},"10":{"start":{"line":47,"column":12},"end":{"line":47,"column":133}},"11":{"start":{"line":49,"column":8},"end":{"line":49,"column":38}},"12":{"start":{"line":56,"column":8},"end":{"line":58,"column":9}},"13":{"start":{"line":57,"column":12},"end":{"line":57,"column":133}},"14":{"start":{"line":59,"column":8},"end":{"line":59,"column":41}},"15":{"start":{"line":66,"column":8},"end":{"line":68,"column":9}},"16":{"start":{"line":67,"column":12},"end":{"line":67,"column":133}},"17":{"start":{"line":69,"column":8},"end":{"line":69,"column":35}},"18":{"start":{"line":76,"column":8},"end":{"line":76,"column":43}},"19":{"start":{"line":83,"column":8},"end":{"line":83,"column":43}},"20":{"start":{"line":94,"column":8},"end":{"line":94,"column":35}},"21":{"start":{"line":95,"column":8},"end":{"line":95,"column":37}},"22":{"start":{"line":96,"column":8},"end":{"line":96,"column":42}},"23":{"start":{"line":97,"column":8},"end":{"line":97,"column":35}},"24":{"start":{"line":98,"column":8},"end":{"line":98,"column":38}},"25":{"start":{"line":99,"column":8},"end":{"line":99,"column":81}},"26":{"start":{"line":100,"column":8},"end":{"line":100,"column":44}},"27":{"start":{"line":101,"column":8},"end":{"line":101,"column":44}},"28":{"start":{"line":102,"column":8},"end":{"line":102,"column":33}},"29":{"start":{"line":103,"column":8},"end":{"line":103,"column":33}},"30":{"start":{"line":104,"column":8},"end":{"line":104,"column":80}},"31":{"start":{"line":112,"column":8},"end":{"line":115,"column":68}},"32":{"start":{"line":116,"column":8},"end":{"line":116,"column":43}},"33":{"start":{"line":124,"column":8},"end":{"line":124,"column":36}},"34":{"start":{"line":125,"column":8},"end":{"line":128,"column":35}},"35":{"start":{"line":126,"column":12},"end":{"line":126,"column":35}},"36":{"start":{"line":128,"column":12},"end":{"line":128,"column":35}},"37":{"start":{"line":129,"column":8},"end":{"line":130,"column":38}},"38":{"start":{"line":130,"column":12},"end":{"line":130,"column":38}},"39":{"start":{"line":136,"column":8},"end":{"line":136,"column":34}},"40":{"start":{"line":137,"column":8},"end":{"line":137,"column":43}},"41":{"start":{"line":143,"column":8},"end":{"line":152,"column":9}},"42":{"start":{"line":144,"column":12},"end":{"line":147,"column":15}},"43":{"start":{"line":145,"column":16},"end":{"line":145,"column":41}},"44":{"start":{"line":146,"column":16},"end":{"line":146,"column":38}},"45":{"start":{"line":150,"column":12},"end":{"line":150,"column":37}},"46":{"start":{"line":151,"column":12},"end":{"line":151,"column":38}},"47":{"start":{"line":158,"column":8},"end":{"line":168,"column":11}},"48":{"start":{"line":159,"column":26},"end":{"line":159,"column":42}},"49":{"start":{"line":160,"column":12},"end":{"line":160,"column":37}},"50":{"start":{"line":161,"column":12},"end":{"line":167,"column":13}},"51":{"start":{"line":162,"column":16},"end":{"line":162,"column":42}},"52":{"start":{"line":164,"column":17},"end":{"line":167,"column":13}},"53":{"start":{"line":166,"column":16},"end":{"line":166,"column":42}},"54":{"start":{"line":169,"column":8},"end":{"line":171,"column":11}},"55":{"start":{"line":170,"column":12},"end":{"line":170,"column":26}},"56":{"start":{"line":174,"column":0},"end":{"line":174,"column":60}}},"fnMap":{"0":{"name":"(anonymous_0)","decl":{"start":{"line":24,"column":4},"end":{"line":24,"column":5}},"loc":{"start":{"line":24,"column":20},"end":{"line":26,"column":5}},"line":24},"1":{"name":"(anonymous_1)","decl":{"start":{"line":31,"column":4},"end":{"line":31,"column":5}},"loc":{"start":{"line":31,"column":21},"end":{"line":33,"column":5}},"line":31},"2":{"name":"(anonymous_2)","decl":{"start":{"line":38,"column":4},"end":{"line":38,"column":5}},"loc":{"start":{"line":38,"column":21},"end":{"line":40,"column":5}},"line":38},"3":{"name":"(anonymous_3)","decl":{"start":{"line":45,"column":4},"end":{"line":45,"column":5}},"loc":{"start":{"line":45,"column":23},"end":{"line":50,"column":5}},"line":45},"4":{"name":"(anonymous_4)","decl":{"start":{"line":55,"column":4},"end":{"line":55,"column":5}},"loc":{"start":{"line":55,"column":26},"end":{"line":60,"column":5}},"line":55},"5":{"name":"(anonymous_5)","decl":{"start":{"line":65,"column":4},"end":{"line":65,"column":5}},"loc":{"start":{"line":65,"column":20},"end":{"line":70,"column":5}},"line":65},"6":{"name":"(anonymous_6)","decl":{"start":{"line":75,"column":4},"end":{"line":75,"column":5}},"loc":{"start":{"line":75,"column":28},"end":{"line":77,"column":5}},"line":75},"7":{"name":"(anonymous_7)","decl":{"start":{"line":82,"column":4},"end":{"line":82,"column":5}},"loc":{"start":{"line":82,"column":28},"end":{"line":84,"column":5}},"line":82},"8":{"name":"(anonymous_8)","decl":{"start":{"line":93,"column":4},"end":{"line":93,"column":5}},"loc":{"start":{"line":93,"column":51},"end":{"line":105,"column":5}},"line":93},"9":{"name":"(anonymous_9)","decl":{"start":{"line":111,"column":4},"end":{"line":111,"column":5}},"loc":{"start":{"line":111,"column":25},"end":{"line":117,"column":5}},"line":111},"10":{"name":"(anonymous_10)","decl":{"start":{"line":123,"column":4},"end":{"line":123,"column":5}},"loc":{"start":{"line":123,"column":25},"end":{"line":131,"column":5}},"line":123},"11":{"name":"(anonymous_11)","decl":{"start":{"line":135,"column":4},"end":{"line":135,"column":5}},"loc":{"start":{"line":135,"column":13},"end":{"line":138,"column":5}},"line":135},"12":{"name":"(anonymous_12)","decl":{"start":{"line":142,"column":4},"end":{"line":142,"column":5}},"loc":{"start":{"line":142,"column":28},"end":{"line":153,"column":5}},"line":142},"13":{"name":"(anonymous_13)","decl":{"start":{"line":144,"column":26},"end":{"line":144,"column":27}},"loc":{"start":{"line":144,"column":31},"end":{"line":147,"column":13}},"line":144},"14":{"name":"(anonymous_14)","decl":{"start":{"line":157,"column":4},"end":{"line":157,"column":5}},"loc":{"start":{"line":157,"column":30},"end":{"line":172,"column":5}},"line":157},"15":{"name":"(anonymous_15)","decl":{"start":{"line":158,"column":31},"end":{"line":158,"column":32}},"loc":{"start":{"line":158,"column":40},"end":{"line":168,"column":9}},"line":158},"16":{"name":"(anonymous_16)","decl":{"start":{"line":169,"column":32},"end":{"line":169,"column":33}},"loc":{"start":{"line":169,"column":38},"end":{"line":171,"column":9}},"line":169}},"branchMap":{"0":{"loc":{"start":{"line":46,"column":8},"end":{"line":48,"column":9}},"type":"if","locations":[{"start":{"line":46,"column":8},"end":{"line":48,"column":9}},{"start":{"line":46,"column":8},"end":{"line":48,"column":9}}],"line":46},"1":{"loc":{"start":{"line":56,"column":8},"end":{"line":58,"column":9}},"type":"if","locations":[{"start":{"line":56,"column":8},"end":{"line":58,"column":9}},{"start":{"line":56,"column":8},"end":{"line":58,"column":9}}],"line":56},"2":{"loc":{"start":{"line":66,"column":8},"end":{"line":68,"column":9}},"type":"if","locations":[{"start":{"line":66,"column":8},"end":{"line":68,"column":9}},{"start":{"line":66,"column":8},"end":{"line":68,"column":9}}],"line":66},"3":{"loc":{"start":{"line":113,"column":12},"end":{"line":115,"column":67}},"type":"cond-expr","locations":[{"start":{"line":114,"column":18},"end":{"line":114,"column":67}},{"start":{"line":115,"column":18},"end":{"line":115,"column":67}}],"line":113},"4":{"loc":{"start":{"line":125,"column":8},"end":{"line":128,"column":35}},"type":"if","locations":[{"start":{"line":125,"column":8},"end":{"line":128,"column":35}},{"start":{"line":125,"column":8},"end":{"line":128,"column":35}}],"line":125},"5":{"loc":{"start":{"line":129,"column":8},"end":{"line":130,"column":38}},"type":"if","locations":[{"start":{"line":129,"column":8},"end":{"line":130,"column":38}},{"start":{"line":129,"column":8},"end":{"line":130,"column":38}}],"line":129},"6":{"loc":{"start":{"line":143,"column":8},"end":{"line":152,"column":9}},"type":"if","locations":[{"start":{"line":143,"column":8},"end":{"line":152,"column":9}},{"start":{"line":143,"column":8},"end":{"line":152,"column":9}}],"line":143},"7":{"loc":{"start":{"line":161,"column":12},"end":{"line":167,"column":13}},"type":"if","locations":[{"start":{"line":161,"column":12},"end":{"line":167,"column":13}},{"start":{"line":161,"column":12},"end":{"line":167,"column":13}}],"line":161},"8":{"loc":{"start":{"line":164,"column":17},"end":{"line":167,"column":13}},"type":"if","locations":[{"start":{"line":164,"column":17},"end":{"line":167,"column":13}},{"start":{"line":164,"column":17},"end":{"line":167,"column":13}}],"line":164}},"s":{"0":1,"1":1,"2":1,"3":1,"4":1,"5":1,"6":5,"7":5,"8":2,"9":24,"10":18,"11":6,"12":15,"13":9,"14":6,"15":2727,"16":9,"17":2718,"18":5,"19":10,"20":21,"21":21,"22":21,"23":21,"24":21,"25":21,"26":21,"27":21,"28":21,"29":21,"30":21,"31":981,"32":981,"33":95652,"34":95652,"35":25321,"36":70331,"37":95652,"38":956,"39":25,"40":25,"41":10641,"42":1,"43":10000,"44":10000,"45":10640,"46":10640,"47":9,"48":80012,"49":80012,"50":80012,"51":810,"52":79202,"53":74202,"54":9,"55":9,"56":1},"f":{"0":5,"1":5,"2":2,"3":24,"4":15,"5":2727,"6":5,"7":10,"8":21,"9":981,"10":95652,"11":25,"12":10641,"13":10000,"14":9,"15":80012,"16":9},"b":{"0":[18,6],"1":[9,6],"2":[9,2718],"3":[869,112],"4":[25321,70331],"5":[956,94696],"6":[1,10640],"7":[810,79202],"8":[74202,5000]},"inputSourceMap":{"version":3,"file":"/home/jpburford/projects/glyphx/monorepo/packages/fileIngestion/src/fieldProcessing/basicFieldTypeCalculator.ts","sources":["/home/jpburford/projects/glyphx/monorepo/packages/fileIngestion/src/fieldProcessing/basicFieldTypeCalculator.ts"],"names":[],"mappings":";;;AACA,uCAAmC;AACnC,6DAAwD;AACxD,sDAAsD;AACtD,yCAA4C;AAC5C;;;GAGG;AACU,QAAA,yBAAyB,GAAG,GAAG,CAAC;AAE7C;;;;;GAKG;AACH,MAAa,wBAAwB;IA0BnC;;;OAGG;IACH,IAAI,SAAS;QACX,OAAO,IAAI,CAAC,SAAS,CAAC;IACxB,CAAC;IACD;;;OAGG;IACH,IAAI,UAAU;QACZ,OAAO,IAAI,CAAC,UAAU,CAAC;IACzB,CAAC;IACD;;;OAGG;IACH,IAAI,UAAU;QACZ,OAAO,IAAI,CAAC,eAAe,CAAC;IAC9B,CAAC;IACD;;;OAGG;IACH,IAAI,YAAY;QACd,IAAI,CAAC,IAAI,CAAC,sBAAsB,EAAE;YAChC,MAAM,IAAI,YAAK,CAAC,qBAAqB,CACnC,sEAAsE,EACtE,EAAE,CACH,CAAC;SACH;QACD,OAAO,IAAI,CAAC,iBAAiB,CAAC;IAChC,CAAC;IACD;;;OAGG;IACH,IAAI,eAAe;QACjB,IAAI,CAAC,IAAI,CAAC,sBAAsB,EAAE;YAChC,MAAM,IAAI,YAAK,CAAC,qBAAqB,CACnC,sEAAsE,EACtE,EAAE,CACH,CAAC;SACH;QACD,OAAO,IAAI,CAAC,oBAAoB,CAAC;IACnC,CAAC;IACD;;;OAGG;IACH,IAAI,SAAS;QACX,IAAI,CAAC,IAAI,CAAC,sBAAsB,EAAE;YAChC,MAAM,IAAI,YAAK,CAAC,qBAAqB,CACnC,sEAAsE,EACtE,EAAE,CACH,CAAC;SACH;QACD,OAAO,IAAI,CAAC,cAAc,CAAC;IAC7B,CAAC;IAED;;;OAGG;IACH,IAAI,iBAAiB;QACnB,OAAO,IAAI,CAAC,sBAAsB,CAAC;IACrC,CAAC;IACD;;;OAGG;IACH,IAAI,iBAAiB;QACnB,OAAO,IAAI,CAAC,sBAAsB,CAAC;IACrC,CAAC;IAED;;;;;;;OAOG;IACH,YAAY,SAAiB,EAAE,UAAkB,EAAE,UAAkB;QACnE,IAAI,CAAC,SAAS,GAAG,SAAS,CAAC;QAC3B,IAAI,CAAC,UAAU,GAAG,UAAU,CAAC;QAC7B,IAAI,CAAC,eAAe,GAAG,UAAU,CAAC;QAClC,IAAI,CAAC,iBAAiB,GAAG,CAAC,CAAC;QAC3B,IAAI,CAAC,oBAAoB,GAAG,CAAC,CAAC;QAC9B,IAAI,CAAC,cAAc,GAAG,qBAAa,CAAC,SAAS,CAAC,UAAU,CAAC,OAAO,CAAC;QACjE,IAAI,CAAC,sBAAsB,GAAG,KAAK,CAAC;QACpC,IAAI,CAAC,sBAAsB,GAAG,KAAK,CAAC;QACpC,IAAI,CAAC,eAAe,GAAG,CAAC,CAAC;QACzB,IAAI,CAAC,eAAe,GAAG,CAAC,CAAC;QACzB,IAAI,CAAC,kBAAkB,GAAG,IAAI,uCAAkB,EAAE,CAAC;IACrD,CAAC;IAED;;;;OAIG;IACK,kBAAkB;QACxB,IAAI,CAAC,cAAc;YACjB,IAAI,CAAC,eAAe,IAAI,IAAI,CAAC,eAAe;gBAC1C,CAAC,CAAC,qBAAa,CAAC,SAAS,CAAC,UAAU,CAAC,MAAM;gBAC3C,CAAC,CAAC,qBAAa,CAAC,SAAS,CAAC,UAAU,CAAC,MAAM,CAAC;QAChD,IAAI,CAAC,sBAAsB,GAAG,IAAI,CAAC;IACrC,CAAC;IAED;;;;OAIG;IACK,aAAa,CAAC,KAAa;QACjC,IAAI,CAAC,oBAAoB,EAAE,CAAC;QAC5B,IAAI,IAAI,CAAC,kBAAkB,CAAC,UAAU,CAAC,KAAK,CAAC;YAAE,IAAI,CAAC,eAAe,EAAE,CAAC;;YACjE,IAAI,CAAC,eAAe,EAAE,CAAC;QAE5B,IAAI,CAAC,CAAC,IAAI,CAAC,oBAAoB,GAAG,iCAAyB,CAAC;YAC1D,IAAI,CAAC,kBAAkB,EAAE,CAAC;IAC9B,CAAC;IAED;;OAEG;IACH,MAAM;QACJ,IAAI,CAAC,kBAAkB,EAAE,CAAC;QAC1B,IAAI,CAAC,sBAAsB,GAAG,IAAI,CAAC;IACrC,CAAC;IAED;;OAEG;IACH,gBAAgB,CAAC,KAAwB;QACvC,IAAI,KAAK,CAAC,OAAO,CAAC,KAAK,CAAC,EAAE;YACxB,KAAK,CAAC,OAAO,CAAC,CAAC,CAAC,EAAE;gBAChB,IAAI,CAAC,iBAAiB,EAAE,CAAC;gBACzB,IAAI,CAAC,aAAa,CAAC,CAAC,CAAC,CAAC;YACxB,CAAC,CAAC,CAAC;SACJ;aAAM;YACL,IAAI,CAAC,iBAAiB,EAAE,CAAC;YACzB,IAAI,CAAC,aAAa,CAAC,KAAK,CAAC,CAAC;SAC3B;IACH,CAAC;IACD;;OAEG;IACH,YAAY,CAAC,WAAkC;QAC7C,WAAW,CAAC,EAAE,CAAC,MAAM,EAAE,KAAK,CAAC,EAAE;YAC7B,MAAM,KAAK,GAAG,KAAK,CAAC,QAAQ,EAAE,CAAC;YAC/B,IAAI,CAAC,iBAAiB,EAAE,CAAC;YACzB,IAAI,IAAI,CAAC,iBAAiB,IAAI,iCAAyB,EAAE;gBACvD,IAAI,CAAC,aAAa,CAAC,KAAK,CAAC,CAAC;aAC3B;iBAAM,IACL,IAAI,CAAC,oBAAoB,GAAG,IAAI,CAAC,iBAAiB;gBAClD,IAAI,CAAC,eAAe,EACpB;gBACA,IAAI,CAAC,aAAa,CAAC,KAAK,CAAC,CAAC;aAC3B;QACH,CAAC,CAAC,CAAC;QAEH,WAAW,CAAC,IAAI,CAAC,KAAK,EAAE,GAAG,EAAE;YAC3B,IAAI,CAAC,MAAM,EAAE,CAAC;QAChB,CAAC,CAAC,CAAC;IACL,CAAC;CACF;AAlMD,4DAkMC","sourcesContent":["import * as fieldProcessingInterfaces from '@interfaces/fieldProcessing';\nimport {error} from '@glyphx/core';\nimport {NumberFieldChecker} from './numberFieldChecker';\n// eslint-disable-next-line node/no-unpublished-import\nimport {fileIngestion} from '@glyphx/types';\n/**\n * The minumum number of samples to analyze before using the sample rate.\n * This value is also used to determing the frequency at which to publish intermediate results.\n */\nexport const MINIMUM_NUMBER_OF_SAMPLES = 100;\n\n/**\n * This class is our first and basic cut at processing fields and determining\n * the column types.  In these early stages there are only two types of columns\n * that we support, strings and floats (numbers).  See {@link interfaces/fieldProcessing/iFieldTypeCalculator!IFieldTypeCalulator}\n * for more details about fields and accessors not documented here.\n */\nexport class BasicFieldTypeCalculator\n  implements fieldProcessingInterfaces.IFieldTypeCalulator\n{\n  private readonly nameField: string;\n  private readonly indexField: number;\n  private readonly sampleRateField: number;\n  private numberPassedField: number;\n  private samplesAnalyzedField: number;\n  private fieldTypeField: fileIngestion.constants.FIELD_TYPE;\n  private hasProcessedItemsField: boolean;\n  private allItemsProcessedField: boolean;\n\n  /**\n   * a counter which holds the number of columns that look like strings.\n   */\n  private numberOfStrings: number;\n  /**\n   * a counter which holds the number of columns that look like numbers.\n   * see {@link numberFieldChecker}\n   */\n  private numberOfNumbers: number;\n  /**\n   * our NumberFieldChecker that will determine if our string can be represeted as\n   * as number.\n   */\n  private numberFieldChecker: NumberFieldChecker;\n  /**\n   * See the interface IFieldTypeCalculator for more information --\n   * {@link interfaces/fieldProcessing/iFieldTypeCalculator!IFieldTypeCalulator.fieldName | IFieldTypeCalculator.fieldName}\n   */\n  get fieldName(): string {\n    return this.nameField;\n  }\n  /**\n   * See the interface IFieldTypeCalculator for more information --\n   * {@link interfaces/fieldProcessing/iFieldTypeCalculator!IFieldTypeCalulator.fieldIndex | IFieldTypeCalculator.fieldIndex}\n   */\n  get fieldIndex(): number {\n    return this.indexField;\n  }\n  /**\n   * See the interface IFieldTypeCalculator for more information --\n   * {@link interfaces/fieldProcessing/iFieldTypeCalculator!IFieldTypeCalulator.sampleRate | IFieldTypeCalculator.sampleRate}\n   */\n  get sampleRate(): number {\n    return this.sampleRateField;\n  }\n  /**\n   * See the interface IFieldTypeCalculator for more information --\n   * {@link interfaces/fieldProcessing/iFieldTypeCalculator!IFieldTypeCalulator.numberPassed | IFieldTypeCalculator.numberPassed}\n   */\n  get numberPassed(): number {\n    if (!this.hasProcessedItemsField) {\n      throw new error.InvalidOperationError(\n        'This information is not available until processItems has been called',\n        {}\n      );\n    }\n    return this.numberPassedField;\n  }\n  /**\n   * See the interface IFieldTypeCalculator for more information --\n   * {@link interfaces/fieldProcessing/iFieldTypeCalculator!IFieldTypeCalulator.samplesAnalyzed | IFieldTypeCalculator.samplesAnalyzed}\n   */\n  get samplesAnalyzed(): number {\n    if (!this.hasProcessedItemsField) {\n      throw new error.InvalidOperationError(\n        'This information is not available until processItems has been called',\n        {}\n      );\n    }\n    return this.samplesAnalyzedField;\n  }\n  /**\n   * See the interface IFieldTypeCalculator for more information --\n   * {@link interfaces/fieldProcessing/iFieldTypeCalculator!IFieldTypeCalulator.fieldType | IFieldTypeCalculator.fieldType}\n   */\n  get fieldType(): fileIngestion.constants.FIELD_TYPE {\n    if (!this.hasProcessedItemsField) {\n      throw new error.InvalidOperationError(\n        'This information is not available until processItems has been called',\n        {}\n      );\n    }\n    return this.fieldTypeField;\n  }\n\n  /**\n   * See the interface IFieldTypeCalculator for more information --\n   * {@link interfaces/fieldProcessing/iFieldTypeCalculator!IFieldTypeCalulator.allItemsProcessed | IFieldTypeCalculator.allItemsProcessed}\n   */\n  get allItemsProcessed(): boolean {\n    return this.allItemsProcessedField;\n  }\n  /**\n   * See the interface IFieldTypeCalculator for more information --\n   * {@link interfaces/fieldProcessing/iFieldTypeCalculator!IFieldTypeCalulator.hasProcessedItems | IFieldTypeCalculator.hasProcessedItems}\n   */\n  get hasProcessedItems(): boolean {\n    return this.hasProcessedItemsField;\n  }\n\n  /**\n   * Builds a new BasicFieldTypeCalculator\n   *\n   * @param fieldName - the name of our field\n   * @param fieldIndex - the index of our field as defined externally by the client.\n   * @param sampleRate - a number beween 0 - 1.0 (inclusive) to determine how many of the supplied values\n   * should be analyzed to determine the field type.\n   */\n  constructor(fieldName: string, fieldIndex: number, sampleRate: number) {\n    this.nameField = fieldName;\n    this.indexField = fieldIndex;\n    this.sampleRateField = sampleRate;\n    this.numberPassedField = 0;\n    this.samplesAnalyzedField = 0;\n    this.fieldTypeField = fileIngestion.constants.FIELD_TYPE.UNKNOWN;\n    this.hasProcessedItemsField = false;\n    this.allItemsProcessedField = false;\n    this.numberOfStrings = 0;\n    this.numberOfNumbers = 0;\n    this.numberFieldChecker = new NumberFieldChecker();\n  }\n\n  /**\n   * will evaluate the values of {@link numberOfStrings} and {@link numberOfNumbers} to\n   * determne our {@link fieldType}.  In the case of an equal number of each, the field\n   * type will be set to {@link util/constants/fieldType!FIELD_TYPE.STRING | fileIngestion.constants.FIELD_TYPE.STRING}\n   */\n  private calculateFieldType(): void {\n    this.fieldTypeField =\n      this.numberOfStrings >= this.numberOfNumbers\n        ? fileIngestion.constants.FIELD_TYPE.STRING\n        : fileIngestion.constants.FIELD_TYPE.NUMBER;\n    this.hasProcessedItemsField = true;\n  }\n\n  /**\n   * will validate our field against {@link numberFieldChecker} to determine if the value\n   * is a string or number.  This function will also call {@link calculateFieldType}\n   * to produce interim results.\n   */\n  private validateField(value: string): void {\n    this.samplesAnalyzedField++;\n    if (this.numberFieldChecker.checkField(value)) this.numberOfNumbers++;\n    else this.numberOfStrings++;\n\n    if (!(this.samplesAnalyzedField % MINIMUM_NUMBER_OF_SAMPLES))\n      this.calculateFieldType();\n  }\n\n  /**\n   * See the interface IFieldTypeCalculator for more information -- {@link interfaces/fieldProcessing/iFieldTypeCalculator!IFieldTypeCalulator.finish | IFieldTypeCalculator.finish}\n   */\n  finish(): void {\n    this.calculateFieldType();\n    this.allItemsProcessedField = true;\n  }\n\n  /**\n   * See the interface IFieldTypeCalculator for more information -- {@link interfaces/fieldProcessing/iFieldTypeCalculator!IFieldTypeCalulator.processItemsSync | IFieldTypeCalculator.processItemsSync}\n   */\n  processItemsSync(value: string | string[]): void {\n    if (Array.isArray(value)) {\n      value.forEach(v => {\n        this.numberPassedField++;\n        this.validateField(v);\n      });\n    } else {\n      this.numberPassedField++;\n      this.validateField(value);\n    }\n  }\n  /**\n   * See the interface IFieldTypeCalculator for more information -- {@link interfaces/fieldProcessing/iFieldTypeCalculator!IFieldTypeCalulator.processItems | IFieldTypeCalculator.processItems}\n   */\n  processItems(itemsStream: NodeJS.ReadableStream): void {\n    itemsStream.on('data', chunk => {\n      const value = chunk.toString();\n      this.numberPassedField++;\n      if (this.numberPassedField <= MINIMUM_NUMBER_OF_SAMPLES) {\n        this.validateField(value);\n      } else if (\n        this.samplesAnalyzedField / this.numberPassedField <\n        this.sampleRateField\n      ) {\n        this.validateField(value);\n      }\n    });\n\n    itemsStream.once('end', () => {\n      this.finish();\n    });\n  }\n}\n"]},"_coverageSchema":"1a1c01bbd47fc00a2c39e90264f33305004495a9","hash":"77c9b170631a005027cc5649fbd2d930701019f6","contentHash":"3029d8a90ff35512e1ab3fa31120023e81dff64ae71640c9e638df58eb8540c3"},"/home/jpburford/projects/glyphx/monorepo/packages/fileIngestion/src/fileIngestor.ts":{"path":"/home/jpburford/projects/glyphx/monorepo/packages/fileIngestion/src/fileIngestor.ts","statementMap":{"0":{"start":{"line":2,"column":0},"end":{"line":2,"column":62}},"1":{"start":{"line":3,"column":0},"end":{"line":3,"column":30}},"2":{"start":{"line":4,"column":16},"end":{"line":4,"column":40}},"3":{"start":{"line":5,"column":15},"end":{"line":5,"column":38}},"4":{"start":{"line":6,"column":26},"end":{"line":6,"column":52}},"5":{"start":{"line":7,"column":25},"end":{"line":7,"column":52}},"6":{"start":{"line":8,"column":16},"end":{"line":8,"column":32}},"7":{"start":{"line":9,"column":24},"end":{"line":9,"column":65}},"8":{"start":{"line":10,"column":20},"end":{"line":10,"column":46}},"9":{"start":{"line":13,"column":8},"end":{"line":14,"column":133}},"10":{"start":{"line":14,"column":12},"end":{"line":14,"column":133}},"11":{"start":{"line":15,"column":8},"end":{"line":15,"column":20}},"12":{"start":{"line":18,"column":8},"end":{"line":18,"column":34}},"13":{"start":{"line":21,"column":8},"end":{"line":21,"column":33}},"14":{"start":{"line":24,"column":8},"end":{"line":24,"column":36}},"15":{"start":{"line":27,"column":8},"end":{"line":27,"column":40}},"16":{"start":{"line":30,"column":8},"end":{"line":30,"column":34}},"17":{"start":{"line":33,"column":8},"end":{"line":33,"column":38}},"18":{"start":{"line":36,"column":8},"end":{"line":36,"column":32}},"19":{"start":{"line":39,"column":8},"end":{"line":39,"column":46}},"20":{"start":{"line":40,"column":8},"end":{"line":40,"column":44}},"21":{"start":{"line":41,"column":8},"end":{"line":41,"column":50}},"22":{"start":{"line":42,"column":8},"end":{"line":42,"column":53}},"23":{"start":{"line":43,"column":8},"end":{"line":43,"column":46}},"24":{"start":{"line":44,"column":8},"end":{"line":44,"column":46}},"25":{"start":{"line":45,"column":8},"end":{"line":45,"column":33}},"26":{"start":{"line":46,"column":8},"end":{"line":46,"column":33}},"27":{"start":{"line":47,"column":8},"end":{"line":47,"column":43}},"28":{"start":{"line":48,"column":8},"end":{"line":48,"column":48}},"29":{"start":{"line":49,"column":8},"end":{"line":49,"column":67}},"30":{"start":{"line":50,"column":8},"end":{"line":50,"column":77}},"31":{"start":{"line":51,"column":8},"end":{"line":51,"column":115}},"32":{"start":{"line":52,"column":8},"end":{"line":52,"column":107}},"33":{"start":{"line":55,"column":8},"end":{"line":65,"column":9}},"34":{"start":{"line":56,"column":12},"end":{"line":63,"column":13}},"35":{"start":{"line":57,"column":16},"end":{"line":57,"column":44}},"36":{"start":{"line":58,"column":16},"end":{"line":58,"column":48}},"37":{"start":{"line":59,"column":16},"end":{"line":59,"column":55}},"38":{"start":{"line":62,"column":16},"end":{"line":62,"column":187}},"39":{"start":{"line":64,"column":12},"end":{"line":64,"column":36}},"40":{"start":{"line":68,"column":30},"end":{"line":68,"column":118}},"41":{"start":{"line":69,"column":8},"end":{"line":69,"column":58}},"42":{"start":{"line":72,"column":8},"end":{"line":76,"column":9}},"43":{"start":{"line":73,"column":29},"end":{"line":73,"column":101}},"44":{"start":{"line":74,"column":12},"end":{"line":74,"column":56}},"45":{"start":{"line":75,"column":12},"end":{"line":75,"column":36}},"46":{"start":{"line":79,"column":8},"end":{"line":79,"column":42}},"47":{"start":{"line":80,"column":8},"end":{"line":80,"column":52}},"48":{"start":{"line":81,"column":8},"end":{"line":81,"column":56}},"49":{"start":{"line":84,"column":8},"end":{"line":84,"column":42}},"50":{"start":{"line":85,"column":8},"end":{"line":85,"column":117}},"51":{"start":{"line":89,"column":8},"end":{"line":89,"column":118}},"52":{"start":{"line":93,"column":8},"end":{"line":93,"column":42}},"53":{"start":{"line":94,"column":8},"end":{"line":94,"column":82}},"54":{"start":{"line":97,"column":54},"end":{"line":97,"column":216}},"55":{"start":{"line":98,"column":8},"end":{"line":98,"column":60}},"56":{"start":{"line":99,"column":8},"end":{"line":99,"column":69}},"57":{"start":{"line":112,"column":23},"end":{"line":112,"column":25}},"58":{"start":{"line":113,"column":31},"end":{"line":113,"column":33}},"59":{"start":{"line":114,"column":36},"end":{"line":114,"column":38}},"60":{"start":{"line":115,"column":8},"end":{"line":199,"column":9}},"61":{"start":{"line":115,"column":21},"end":{"line":115,"column":22}},"62":{"start":{"line":116,"column":29},"end":{"line":116,"column":45}},"63":{"start":{"line":117,"column":12},"end":{"line":194,"column":13}},"64":{"start":{"line":117,"column":46},"end":{"line":118,"column":48}},"65":{"start":{"line":119,"column":32},"end":{"line":119,"column":274}},"66":{"start":{"line":120,"column":16},"end":{"line":125,"column":19}},"67":{"start":{"line":127,"column":17},"end":{"line":194,"column":13}},"68":{"start":{"line":128,"column":16},"end":{"line":148,"column":17}},"69":{"start":{"line":129,"column":36},"end":{"line":129,"column":216}},"70":{"start":{"line":130,"column":20},"end":{"line":135,"column":23}},"71":{"start":{"line":137,"column":21},"end":{"line":148,"column":17}},"72":{"start":{"line":137,"column":50},"end":{"line":137,"column":74}},"73":{"start":{"line":138,"column":36},"end":{"line":138,"column":229}},"74":{"start":{"line":139,"column":20},"end":{"line":144,"column":23}},"75":{"start":{"line":147,"column":20},"end":{"line":147,"column":60}},"76":{"start":{"line":151,"column":17},"end":{"line":194,"column":13}},"77":{"start":{"line":152,"column":16},"end":{"line":173,"column":17}},"78":{"start":{"line":153,"column":46},"end":{"line":153,"column":70}},"79":{"start":{"line":154,"column":36},"end":{"line":154,"column":218}},"80":{"start":{"line":155,"column":20},"end":{"line":160,"column":23}},"81":{"start":{"line":163,"column":37},"end":{"line":163,"column":157}},"82":{"start":{"line":164,"column":20},"end":{"line":172,"column":21}},"83":{"start":{"line":165,"column":40},"end":{"line":165,"column":271}},"84":{"start":{"line":166,"column":24},"end":{"line":171,"column":27}},"85":{"start":{"line":175,"column":17},"end":{"line":194,"column":13}},"86":{"start":{"line":177,"column":32},"end":{"line":177,"column":213}},"87":{"start":{"line":178,"column":16},"end":{"line":183,"column":19}},"88":{"start":{"line":185,"column":17},"end":{"line":194,"column":13}},"89":{"start":{"line":187,"column":32},"end":{"line":187,"column":212}},"90":{"start":{"line":188,"column":16},"end":{"line":193,"column":19}},"91":{"start":{"line":195,"column":12},"end":{"line":198,"column":15}},"92":{"start":{"line":200,"column":8},"end":{"line":200,"column":22}},"93":{"start":{"line":203,"column":38},"end":{"line":203,"column":43}},"94":{"start":{"line":204,"column":8},"end":{"line":223,"column":9}},"95":{"start":{"line":204,"column":21},"end":{"line":204,"column":22}},"96":{"start":{"line":205,"column":36},"end":{"line":205,"column":52}},"97":{"start":{"line":206,"column":12},"end":{"line":222,"column":13}},"98":{"start":{"line":207,"column":16},"end":{"line":207,"column":117}},"99":{"start":{"line":208,"column":16},"end":{"line":208,"column":47}},"100":{"start":{"line":210,"column":17},"end":{"line":222,"column":13}},"101":{"start":{"line":212,"column":16},"end":{"line":212,"column":119}},"102":{"start":{"line":214,"column":17},"end":{"line":222,"column":13}},"103":{"start":{"line":216,"column":16},"end":{"line":216,"column":121}},"104":{"start":{"line":217,"column":16},"end":{"line":217,"column":47}},"105":{"start":{"line":220,"column":16},"end":{"line":220,"column":66}},"106":{"start":{"line":221,"column":16},"end":{"line":221,"column":47}},"107":{"start":{"line":224,"column":8},"end":{"line":224,"column":39}},"108":{"start":{"line":227,"column":30},"end":{"line":227,"column":32}},"109":{"start":{"line":228,"column":32},"end":{"line":228,"column":34}},"110":{"start":{"line":229,"column":32},"end":{"line":229,"column":74}},"111":{"start":{"line":230,"column":23},"end":{"line":230,"column":53}},"112":{"start":{"line":231,"column":8},"end":{"line":270,"column":9}},"113":{"start":{"line":232,"column":12},"end":{"line":232,"column":63}},"114":{"start":{"line":233,"column":12},"end":{"line":233,"column":52}},"115":{"start":{"line":234,"column":12},"end":{"line":234,"column":73}},"116":{"start":{"line":237,"column":12},"end":{"line":269,"column":13}},"117":{"start":{"line":238,"column":41},"end":{"line":238,"column":66}},"118":{"start":{"line":239,"column":16},"end":{"line":250,"column":17}},"119":{"start":{"line":240,"column":49},"end":{"line":240,"column":204}},"120":{"start":{"line":241,"column":20},"end":{"line":241,"column":70}},"121":{"start":{"line":244,"column":20},"end":{"line":246,"column":21}},"122":{"start":{"line":245,"column":24},"end":{"line":245,"column":198}},"123":{"start":{"line":249,"column":20},"end":{"line":249,"column":60}},"124":{"start":{"line":251,"column":16},"end":{"line":253,"column":60}},"125":{"start":{"line":256,"column":32},"end":{"line":256,"column":147}},"126":{"start":{"line":257,"column":16},"end":{"line":261,"column":19}},"127":{"start":{"line":262,"column":16},"end":{"line":267,"column":17}},"128":{"start":{"line":263,"column":20},"end":{"line":263,"column":34}},"129":{"start":{"line":266,"column":20},"end":{"line":266,"column":97}},"130":{"start":{"line":268,"column":16},"end":{"line":268,"column":77}},"131":{"start":{"line":271,"column":8},"end":{"line":276,"column":10}},"132":{"start":{"line":279,"column":0},"end":{"line":279,"column":36}}},"fnMap":{"0":{"name":"(anonymous_0)","decl":{"start":{"line":12,"column":4},"end":{"line":12,"column":5}},"loc":{"start":{"line":12,"column":17},"end":{"line":16,"column":5}},"line":12},"1":{"name":"(anonymous_1)","decl":{"start":{"line":17,"column":4},"end":{"line":17,"column":5}},"loc":{"start":{"line":17,"column":19},"end":{"line":19,"column":5}},"line":17},"2":{"name":"(anonymous_2)","decl":{"start":{"line":20,"column":4},"end":{"line":20,"column":5}},"loc":{"start":{"line":20,"column":18},"end":{"line":22,"column":5}},"line":20},"3":{"name":"(anonymous_3)","decl":{"start":{"line":23,"column":4},"end":{"line":23,"column":5}},"loc":{"start":{"line":23,"column":21},"end":{"line":25,"column":5}},"line":23},"4":{"name":"(anonymous_4)","decl":{"start":{"line":26,"column":4},"end":{"line":26,"column":5}},"loc":{"start":{"line":26,"column":25},"end":{"line":28,"column":5}},"line":26},"5":{"name":"(anonymous_5)","decl":{"start":{"line":29,"column":4},"end":{"line":29,"column":5}},"loc":{"start":{"line":29,"column":19},"end":{"line":31,"column":5}},"line":29},"6":{"name":"(anonymous_6)","decl":{"start":{"line":32,"column":4},"end":{"line":32,"column":5}},"loc":{"start":{"line":32,"column":23},"end":{"line":34,"column":5}},"line":32},"7":{"name":"(anonymous_7)","decl":{"start":{"line":35,"column":4},"end":{"line":35,"column":5}},"loc":{"start":{"line":35,"column":17},"end":{"line":37,"column":5}},"line":35},"8":{"name":"(anonymous_8)","decl":{"start":{"line":38,"column":4},"end":{"line":38,"column":5}},"loc":{"start":{"line":38,"column":39},"end":{"line":53,"column":5}},"line":38},"9":{"name":"(anonymous_9)","decl":{"start":{"line":54,"column":4},"end":{"line":54,"column":5}},"loc":{"start":{"line":54,"column":17},"end":{"line":66,"column":5}},"line":54},"10":{"name":"(anonymous_10)","decl":{"start":{"line":67,"column":4},"end":{"line":67,"column":5}},"loc":{"start":{"line":67,"column":43},"end":{"line":70,"column":5}},"line":67},"11":{"name":"(anonymous_11)","decl":{"start":{"line":71,"column":4},"end":{"line":71,"column":5}},"loc":{"start":{"line":71,"column":33},"end":{"line":77,"column":5}},"line":71},"12":{"name":"(anonymous_12)","decl":{"start":{"line":78,"column":4},"end":{"line":78,"column":5}},"loc":{"start":{"line":78,"column":33},"end":{"line":82,"column":5}},"line":78},"13":{"name":"(anonymous_13)","decl":{"start":{"line":83,"column":4},"end":{"line":83,"column":5}},"loc":{"start":{"line":83,"column":56},"end":{"line":86,"column":5}},"line":83},"14":{"name":"(anonymous_14)","decl":{"start":{"line":87,"column":4},"end":{"line":87,"column":5}},"loc":{"start":{"line":87,"column":54},"end":{"line":90,"column":5}},"line":87},"15":{"name":"(anonymous_15)","decl":{"start":{"line":91,"column":4},"end":{"line":91,"column":5}},"loc":{"start":{"line":91,"column":124},"end":{"line":95,"column":5}},"line":91},"16":{"name":"(anonymous_16)","decl":{"start":{"line":96,"column":4},"end":{"line":96,"column":5}},"loc":{"start":{"line":96,"column":73},"end":{"line":100,"column":5}},"line":96},"17":{"name":"(anonymous_17)","decl":{"start":{"line":111,"column":4},"end":{"line":111,"column":5}},"loc":{"start":{"line":111,"column":30},"end":{"line":201,"column":5}},"line":111},"18":{"name":"(anonymous_18)","decl":{"start":{"line":117,"column":41},"end":{"line":117,"column":42}},"loc":{"start":{"line":117,"column":46},"end":{"line":118,"column":48}},"line":117},"19":{"name":"(anonymous_19)","decl":{"start":{"line":137,"column":45},"end":{"line":137,"column":46}},"loc":{"start":{"line":137,"column":50},"end":{"line":137,"column":74}},"line":137},"20":{"name":"(anonymous_20)","decl":{"start":{"line":153,"column":41},"end":{"line":153,"column":42}},"loc":{"start":{"line":153,"column":46},"end":{"line":153,"column":70}},"line":153},"21":{"name":"(anonymous_21)","decl":{"start":{"line":202,"column":4},"end":{"line":202,"column":5}},"loc":{"start":{"line":202,"column":25},"end":{"line":225,"column":5}},"line":202},"22":{"name":"(anonymous_22)","decl":{"start":{"line":226,"column":4},"end":{"line":226,"column":5}},"loc":{"start":{"line":226,"column":20},"end":{"line":277,"column":5}},"line":226}},"branchMap":{"0":{"loc":{"start":{"line":13,"column":8},"end":{"line":14,"column":133}},"type":"if","locations":[{"start":{"line":13,"column":8},"end":{"line":14,"column":133}},{"start":{"line":13,"column":8},"end":{"line":14,"column":133}}],"line":13},"1":{"loc":{"start":{"line":55,"column":8},"end":{"line":65,"column":9}},"type":"if","locations":[{"start":{"line":55,"column":8},"end":{"line":65,"column":9}},{"start":{"line":55,"column":8},"end":{"line":65,"column":9}}],"line":55},"2":{"loc":{"start":{"line":72,"column":8},"end":{"line":76,"column":9}},"type":"if","locations":[{"start":{"line":72,"column":8},"end":{"line":76,"column":9}},{"start":{"line":72,"column":8},"end":{"line":76,"column":9}}],"line":72},"3":{"loc":{"start":{"line":91,"column":52},"end":{"line":91,"column":122}},"type":"default-arg","locations":[{"start":{"line":91,"column":72},"end":{"line":91,"column":122}}],"line":91},"4":{"loc":{"start":{"line":117,"column":12},"end":{"line":194,"column":13}},"type":"if","locations":[{"start":{"line":117,"column":12},"end":{"line":194,"column":13}},{"start":{"line":117,"column":12},"end":{"line":194,"column":13}}],"line":117},"5":{"loc":{"start":{"line":117,"column":46},"end":{"line":118,"column":48}},"type":"binary-expr","locations":[{"start":{"line":117,"column":46},"end":{"line":117,"column":80}},{"start":{"line":118,"column":16},"end":{"line":118,"column":48}}],"line":117},"6":{"loc":{"start":{"line":127,"column":17},"end":{"line":194,"column":13}},"type":"if","locations":[{"start":{"line":127,"column":17},"end":{"line":194,"column":13}},{"start":{"line":127,"column":17},"end":{"line":194,"column":13}}],"line":127},"7":{"loc":{"start":{"line":128,"column":16},"end":{"line":148,"column":17}},"type":"if","locations":[{"start":{"line":128,"column":16},"end":{"line":148,"column":17}},{"start":{"line":128,"column":16},"end":{"line":148,"column":17}}],"line":128},"8":{"loc":{"start":{"line":137,"column":21},"end":{"line":148,"column":17}},"type":"if","locations":[{"start":{"line":137,"column":21},"end":{"line":148,"column":17}},{"start":{"line":137,"column":21},"end":{"line":148,"column":17}}],"line":137},"9":{"loc":{"start":{"line":151,"column":17},"end":{"line":194,"column":13}},"type":"if","locations":[{"start":{"line":151,"column":17},"end":{"line":194,"column":13}},{"start":{"line":151,"column":17},"end":{"line":194,"column":13}}],"line":151},"10":{"loc":{"start":{"line":152,"column":16},"end":{"line":173,"column":17}},"type":"if","locations":[{"start":{"line":152,"column":16},"end":{"line":173,"column":17}},{"start":{"line":152,"column":16},"end":{"line":173,"column":17}}],"line":152},"11":{"loc":{"start":{"line":152,"column":20},"end":{"line":153,"column":71}},"type":"binary-expr","locations":[{"start":{"line":152,"column":20},"end":{"line":152,"column":158}},{"start":{"line":153,"column":20},"end":{"line":153,"column":71}}],"line":152},"12":{"loc":{"start":{"line":164,"column":20},"end":{"line":172,"column":21}},"type":"if","locations":[{"start":{"line":164,"column":20},"end":{"line":172,"column":21}},{"start":{"line":164,"column":20},"end":{"line":172,"column":21}}],"line":164},"13":{"loc":{"start":{"line":175,"column":17},"end":{"line":194,"column":13}},"type":"if","locations":[{"start":{"line":175,"column":17},"end":{"line":194,"column":13}},{"start":{"line":175,"column":17},"end":{"line":194,"column":13}}],"line":175},"14":{"loc":{"start":{"line":175,"column":21},"end":{"line":176,"column":154}},"type":"binary-expr","locations":[{"start":{"line":175,"column":21},"end":{"line":175,"column":98}},{"start":{"line":176,"column":16},"end":{"line":176,"column":154}}],"line":175},"15":{"loc":{"start":{"line":185,"column":17},"end":{"line":194,"column":13}},"type":"if","locations":[{"start":{"line":185,"column":17},"end":{"line":194,"column":13}},{"start":{"line":185,"column":17},"end":{"line":194,"column":13}}],"line":185},"16":{"loc":{"start":{"line":185,"column":21},"end":{"line":186,"column":154}},"type":"binary-expr","locations":[{"start":{"line":185,"column":21},"end":{"line":185,"column":97}},{"start":{"line":186,"column":16},"end":{"line":186,"column":154}}],"line":185},"17":{"loc":{"start":{"line":206,"column":12},"end":{"line":222,"column":13}},"type":"if","locations":[{"start":{"line":206,"column":12},"end":{"line":222,"column":13}},{"start":{"line":206,"column":12},"end":{"line":222,"column":13}}],"line":206},"18":{"loc":{"start":{"line":210,"column":17},"end":{"line":222,"column":13}},"type":"if","locations":[{"start":{"line":210,"column":17},"end":{"line":222,"column":13}},{"start":{"line":210,"column":17},"end":{"line":222,"column":13}}],"line":210},"19":{"loc":{"start":{"line":214,"column":17},"end":{"line":222,"column":13}},"type":"if","locations":[{"start":{"line":214,"column":17},"end":{"line":222,"column":13}},{"start":{"line":214,"column":17},"end":{"line":222,"column":13}}],"line":214},"20":{"loc":{"start":{"line":231,"column":8},"end":{"line":270,"column":9}},"type":"if","locations":[{"start":{"line":231,"column":8},"end":{"line":270,"column":9}},{"start":{"line":231,"column":8},"end":{"line":270,"column":9}}],"line":231},"21":{"loc":{"start":{"line":239,"column":16},"end":{"line":250,"column":17}},"type":"if","locations":[{"start":{"line":239,"column":16},"end":{"line":250,"column":17}},{"start":{"line":239,"column":16},"end":{"line":250,"column":17}}],"line":239},"22":{"loc":{"start":{"line":244,"column":20},"end":{"line":246,"column":21}},"type":"if","locations":[{"start":{"line":244,"column":20},"end":{"line":246,"column":21}},{"start":{"line":244,"column":20},"end":{"line":246,"column":21}}],"line":244},"23":{"loc":{"start":{"line":251,"column":36},"end":{"line":253,"column":59}},"type":"cond-expr","locations":[{"start":{"line":252,"column":22},"end":{"line":252,"column":64}},{"start":{"line":253,"column":22},"end":{"line":253,"column":59}}],"line":251},"24":{"loc":{"start":{"line":262,"column":16},"end":{"line":267,"column":17}},"type":"if","locations":[{"start":{"line":262,"column":16},"end":{"line":267,"column":17}},{"start":{"line":262,"column":16},"end":{"line":267,"column":17}}],"line":262}},"s":{"0":1,"1":1,"2":1,"3":1,"4":1,"5":1,"6":1,"7":1,"8":1,"9":3,"10":2,"11":1,"12":89,"13":89,"14":43,"15":16,"16":107,"17":43,"18":29,"19":21,"20":21,"21":21,"22":21,"23":21,"24":21,"25":21,"26":21,"27":21,"28":21,"29":21,"30":21,"31":21,"32":21,"33":21,"34":20,"35":20,"36":19,"37":19,"38":1,"39":19,"40":2,"41":2,"42":10,"43":7,"44":7,"45":5,"46":2,"47":2,"48":2,"49":1,"50":1,"51":2,"52":8,"53":6,"54":8,"55":8,"56":8,"57":17,"58":17,"59":17,"60":17,"61":17,"62":28,"63":28,"64":12,"65":1,"66":1,"67":27,"68":16,"69":2,"70":2,"71":14,"72":5,"73":1,"74":1,"75":13,"76":11,"77":5,"78":2,"79":1,"80":1,"81":4,"82":4,"83":1,"84":1,"85":6,"86":2,"87":2,"88":4,"89":2,"90":2,"91":28,"92":17,"93":8,"94":8,"95":8,"96":11,"97":11,"98":7,"99":5,"100":4,"101":2,"102":2,"103":1,"104":1,"105":1,"106":1,"107":6,"108":17,"109":17,"110":17,"111":17,"112":17,"113":9,"114":9,"115":9,"116":8,"117":8,"118":6,"119":5,"120":5,"121":5,"122":4,"123":1,"124":6,"125":2,"126":2,"127":2,"128":1,"129":1,"130":2,"131":17,"132":1},"f":{"0":3,"1":89,"2":89,"3":43,"4":16,"5":107,"6":43,"7":29,"8":21,"9":21,"10":2,"11":10,"12":2,"13":1,"14":2,"15":8,"16":8,"17":17,"18":12,"19":5,"20":2,"21":8,"22":17},"b":{"0":[2,1],"1":[20,1],"2":[7,3],"3":[7],"4":[1,27],"5":[12,7],"6":[16,11],"7":[2,14],"8":[1,13],"9":[5,6],"10":[1,4],"11":[5,3],"12":[1,3],"13":[2,4],"14":[6,3],"15":[2,2],"16":[4,3],"17":[7,4],"18":[2,2],"19":[1,1],"20":[9,8],"21":[5,1],"22":[4,1],"23":[0,6],"24":[1,1]},"inputSourceMap":{"version":3,"file":"/home/jpburford/projects/glyphx/monorepo/packages/fileIngestion/src/fileIngestor.ts","sources":["/home/jpburford/projects/glyphx/monorepo/packages/fileIngestion/src/fileIngestor.ts"],"names":[],"mappings":";;;AAAA,yCAA4C;AAC5C,uCAAwC;AACxC,qDAAqD;AAErD,qDAAsE;AAQtE,iCAGe;AACf,kEAA6D;AAC7D,+CAGyB;AAEzB,MAAa,YAAY;IAgBvB,IAAW,MAAM;QACf,IAAI,CAAC,IAAI,CAAC,MAAM;YACd,MAAM,IAAI,YAAK,CAAC,qBAAqB,CACnC,iDAAiD,EACjD,EAAC,MAAM,EAAE,IAAI,CAAC,MAAM,EAAC,CACtB,CAAC;QAEJ,OAAO,IAAI,CAAC;IACd,CAAC;IAED,IAAW,QAAQ;QACjB,OAAO,IAAI,CAAC,aAAa,CAAC;IAC5B,CAAC;IACD,IAAW,OAAO;QAChB,OAAO,IAAI,CAAC,YAAY,CAAC;IAC3B,CAAC;IAED,IAAW,UAAU;QACnB,OAAO,IAAI,CAAC,eAAe,CAAC;IAC9B,CAAC;IAED,IAAW,cAAc;QACvB,OAAO,IAAI,CAAC,mBAAmB,CAAC;IAClC,CAAC;IAED,IAAW,QAAQ;QACjB,OAAO,IAAI,CAAC,aAAa,CAAC;IAC5B,CAAC;IAED,IAAW,YAAY;QACrB,OAAO,IAAI,CAAC,iBAAiB,CAAC;IAChC,CAAC;IAED,IAAW,MAAM;QACf,OAAO,IAAI,CAAC,WAAW,CAAC;IAC1B,CAAC;IACD,YAAY,OAA+B,EAAE,YAAoB;QAC/D,IAAI,CAAC,aAAa,GAAG,OAAO,CAAC,QAAQ,CAAC;QACtC,IAAI,CAAC,YAAY,GAAG,OAAO,CAAC,OAAO,CAAC;QACpC,IAAI,CAAC,eAAe,GAAG,OAAO,CAAC,UAAU,CAAC;QAC1C,IAAI,CAAC,mBAAmB,GAAG,OAAO,CAAC,SAAS,CAAC;QAC7C,IAAI,CAAC,aAAa,GAAG,OAAO,CAAC,QAAQ,CAAC;QAEtC,IAAI,CAAC,iBAAiB,GAAG,YAAY,CAAC;QACtC,IAAI,CAAC,WAAW,GAAG,KAAK,CAAC;QACzB,IAAI,CAAC,WAAW,GAAG,KAAK,CAAC;QACzB,IAAI,CAAC,wBAAwB,GAAG,EAAE,CAAC;QACnC,IAAI,CAAC,6BAA6B,GAAG,EAAE,CAAC;QAExC,IAAI,CAAC,SAAS,GAAG,IAAI,UAAG,CAAC,SAAS,CAAC,IAAI,CAAC,UAAU,CAAC,CAAC;QACpD,IAAI,CAAC,aAAa,GAAG,IAAI,UAAG,CAAC,aAAa,CAAC,IAAI,CAAC,YAAY,CAAC,CAAC;QAC9D,IAAI,CAAC,oBAAoB,GAAG,IAAI,sCAAoB,CAClD,IAAI,CAAC,UAAU,EACf,IAAI,CAAC,YAAY,CAClB,CAAC;QACF,IAAI,CAAC,YAAY,GAAG,IAAI,6BAAa,CACnC,IAAI,CAAC,QAAQ,EACb,IAAI,CAAC,OAAO,EACZ,IAAI,CAAC,SAA0B,CAChC,CAAC;IACJ,CAAC;IAEM,KAAK,CAAC,IAAI;QACf,IAAI,CAAC,IAAI,CAAC,MAAM,EAAE;YAChB,IAAI;gBACF,MAAM,IAAI,CAAC,SAAS,CAAC,IAAI,EAAE,CAAC;gBAE5B,MAAM,IAAI,CAAC,aAAa,CAAC,IAAI,EAAE,CAAC;gBAEhC,MAAM,IAAI,CAAC,oBAAoB,CAAC,IAAI,EAAE,CAAC;aACxC;YAAC,OAAO,GAAG,EAAE;gBACZ,MAAM,IAAI,YAAK,CAAC,oBAAoB,CAClC,8GAA8G,EAC9G,EAAE,EACF,IAAI,EACJ,GAAG,CACJ,CAAC;aACH;YACD,IAAI,CAAC,WAAW,GAAG,IAAI,CAAC;SACzB;IACH,CAAC;IAED,KAAK,CAAC,qBAAqB,CAAC,SAAiB;QAC3C,MAAM,aAAa,GAAG,+BAAe,CAAC,gBAAgB,CACpD,IAAI,CAAC,QAAQ,EACb,IAAI,CAAC,OAAO,EACZ,SAAS,CACV,CAAC;QAEF,MAAM,IAAI,CAAC,aAAa,CAAC,SAAS,CAAC,aAAa,CAAC,CAAC;IACpD,CAAC;IAED,KAAK,CAAC,oBAAoB;QACxB,IAAI,CAAC,IAAI,CAAC,WAAW,EAAE;YACrB,MAAM,QAAQ,GAAG,+BAAe,CAAC,WAAW,CAAC,IAAI,CAAC,QAAQ,EAAE,IAAI,CAAC,OAAO,CAAC,CAAC;YAE1E,MAAM,IAAI,CAAC,aAAa,CAAC,QAAQ,CAAC,QAAQ,CAAC,CAAC;YAE5C,IAAI,CAAC,WAAW,GAAG,IAAI,CAAC;SACzB;IACH,CAAC;IAEO,KAAK,CAAC,WAAW,CAAC,SAAiB;QACzC,MAAM,IAAI,CAAC,oBAAoB,EAAE,CAAC;QAClC,MAAM,IAAI,CAAC,qBAAqB,CAAC,SAAS,CAAC,CAAC;QAC5C,MAAM,IAAI,CAAC,YAAY,CAAC,YAAY,CAAC,SAAS,CAAC,CAAC;IAClD,CAAC;IAED,KAAK,CAAC,YAAY,CAChB,SAAiB,EACjB,QAAgB,EAChB,UAAoB;QAEpB,MAAM,IAAI,CAAC,WAAW,CAAC,SAAS,CAAC,CAAC;QAClC,MAAM,IAAI,CAAC,QAAQ,CACjB,SAAS,EACT,QAAQ,EACR,UAAU,EACV,qBAAa,CAAC,SAAS,CAAC,cAAc,CAAC,OAAO,CAC/C,CAAC;IACJ,CAAC;IAEO,KAAK,CAAC,UAAU,CACtB,SAAiB,EACjB,QAAgB,EAChB,UAAoB;QAEpB,uEAAuE;QAEvE,MAAM,IAAI,CAAC,UAAU,CACnB,SAAS,EACT,QAAQ,EACR,UAAU,EACV,qBAAa,CAAC,SAAS,CAAC,cAAc,CAAC,MAAM,CAC9C,CAAC;IACJ,CAAC;IAEO,KAAK,CAAC,QAAQ,CACpB,SAAiB,EACjB,QAAgB,EAChB,UAAoB,EACpB,iBAAiB,GAAG,qBAAa,CAAC,SAAS,CAAC,cAAc,CAAC,GAAG;QAE9D,8DAA8D;QAE9D,MAAM,IAAI,CAAC,oBAAoB,EAAE,CAAC;QAClC,MAAM,IAAI,CAAC,UAAU,CAAC,SAAS,EAAE,QAAQ,EAAE,UAAU,EAAE,iBAAiB,CAAC,CAAC;IAC5E,CAAC;IAEO,KAAK,CAAC,UAAU,CACtB,SAAiB,EACjB,QAAgB,EAChB,UAAoB,EACpB,iBAAyD;QAEzD,MAAM,EAAC,eAAe,EAAE,gBAAgB,EAAC,GACvC,MAAM,kCAAiB,CAAC,wBAAwB,CAC9C,IAAI,CAAC,QAAQ,EACb,IAAI,CAAC,OAAO,EACZ,UAAU,EACV,SAAS,EACT,QAAQ,EACR,iBAAiB,EACjB,IAAI,CAAC,SAAS,CACf,CAAC;QAEJ,IAAI,CAAC,wBAAwB,CAAC,IAAI,CAAC,eAAe,CAAC,CAAC;QACpD,IAAI,CAAC,6BAA6B,CAAC,IAAI,CAAC,GAAG,gBAAgB,CAAC,CAAC;IAC/D,CAAC;IAED;;;;;;;;;OASG;IACK,KAAK,CAAC,iBAAiB;QAC7B,MAAM,MAAM,GAA2B,EAAE,CAAC;QAC1C,MAAM,cAAc,GAAa,EAAE,CAAC;QACpC,MAAM,mBAAmB,GAA4C,EAAE,CAAC;QACxE,KAAK,IAAI,CAAC,GAAG,CAAC,EAAE,CAAC,GAAG,IAAI,CAAC,QAAQ,CAAC,MAAM,EAAE,CAAC,EAAE,EAAE;YAC7C,MAAM,QAAQ,GAAG,IAAI,CAAC,QAAQ,CAAC,CAAC,CAAC,CAAC;YAClC,IACE,mBAAmB,CAAC,IAAI,CACtB,CAAC,CAAC,EAAE,CACF,CAAC,CAAC,SAAS,KAAK,QAAQ,CAAC,SAAS;gBAClC,CAAC,CAAC,QAAQ,KAAK,QAAQ,CAAC,QAAQ,CACnC,EACD;gBACA,MAAM,OAAO,GAAG,0CAA0C,IAAI,CAAC,QAAQ,cAAc,IAAI,CAAC,OAAO,gBAAgB,QAAQ,CAAC,SAAS,eAAe,QAAQ,CAAC,QAAQ,+FAA+F,CAAC;gBACnQ,MAAM,CAAC,IAAI,CAAC;oBACV,QAAQ,EAAE,QAAQ,CAAC,QAAQ;oBAC3B,SAAS,EAAE,QAAQ,CAAC,SAAS;oBAC7B,SAAS,EAAE,uCAA2B,CAAC,iBAAiB;oBACxD,OAAO,EAAE,OAAO;iBACjB,CAAC,CAAC;aACJ;iBAAM,IACL,QAAQ,CAAC,SAAS,KAAK,qBAAa,CAAC,SAAS,CAAC,cAAc,CAAC,GAAG,EACjE;gBACA,IACE,MAAM,IAAI,CAAC,aAAa,CAAC,WAAW,CAClC,+BAAe,CAAC,gBAAgB,CAC9B,IAAI,CAAC,QAAQ,EACb,IAAI,CAAC,OAAO,EACZ,QAAQ,CAAC,SAAS,CACnB,CACF,EACD;oBACA,MAAM,OAAO,GAAG,yBAAyB,IAAI,CAAC,QAAQ,cAAc,IAAI,CAAC,OAAO,gBAAgB,QAAQ,CAAC,SAAS,kFAAkF,CAAC;oBACrM,MAAM,CAAC,IAAI,CAAC;wBACV,QAAQ,EAAE,QAAQ,CAAC,QAAQ;wBAC3B,SAAS,EAAE,QAAQ,CAAC,SAAS;wBAC7B,SAAS,EAAE,uCAA2B,CAAC,oBAAoB;wBAC3D,OAAO,EAAE,OAAO;qBACjB,CAAC,CAAC;iBACJ;qBAAM,IAAI,cAAc,CAAC,IAAI,CAAC,CAAC,CAAC,EAAE,CAAC,CAAC,KAAK,QAAQ,CAAC,SAAS,CAAC,EAAE;oBAC7D,MAAM,OAAO,GAAG,yBAAyB,IAAI,CAAC,QAAQ,cAAc,IAAI,CAAC,OAAO,gBAAgB,QAAQ,CAAC,SAAS,+FAA+F,CAAC;oBAClN,MAAM,CAAC,IAAI,CAAC;wBACV,QAAQ,EAAE,QAAQ,CAAC,QAAQ;wBAC3B,SAAS,EAAE,QAAQ,CAAC,SAAS;wBAC7B,SAAS,EAAE,uCAA2B,CAAC,iBAAiB;wBACxD,OAAO,EAAE,OAAO;qBACjB,CAAC,CAAC;iBACJ;qBAAM;oBACL,cAAc,CAAC,IAAI,CAAC,QAAQ,CAAC,SAAS,CAAC,CAAC;iBACzC;gBACD,gFAAgF;aACjF;iBAAM,IACL,QAAQ,CAAC,SAAS,KAAK,qBAAa,CAAC,SAAS,CAAC,cAAc,CAAC,MAAM,EACpE;gBACA,IACE,CAAC,CAAC,MAAM,IAAI,CAAC,aAAa,CAAC,WAAW,CACpC,+BAAe,CAAC,gBAAgB,CAC9B,IAAI,CAAC,QAAQ,EACb,IAAI,CAAC,OAAO,EACZ,QAAQ,CAAC,SAAS,CACnB,CACF,CAAC;oBACF,CAAC,cAAc,CAAC,IAAI,CAAC,CAAC,CAAC,EAAE,CAAC,CAAC,KAAK,QAAQ,CAAC,SAAS,CAAC,EACnD;oBACA,MAAM,OAAO,GAAG,yBAAyB,IAAI,CAAC,QAAQ,cAAc,IAAI,CAAC,OAAO,gBAAgB,QAAQ,CAAC,SAAS,oFAAoF,CAAC;oBACvM,MAAM,CAAC,IAAI,CAAC;wBACV,QAAQ,EAAE,QAAQ,CAAC,QAAQ;wBAC3B,SAAS,EAAE,QAAQ,CAAC,SAAS;wBAC7B,SAAS,EAAE,uCAA2B,CAAC,oBAAoB;wBAC3D,OAAO,EAAE,OAAO;qBACjB,CAAC,CAAC;iBACJ;qBAAM;oBACL,MAAM,QAAQ,GACZ,+BAAe,CAAC,mBAAmB,CACjC,IAAI,CAAC,QAAQ,EACb,IAAI,CAAC,OAAO,EACZ,QAAQ,CAAC,SAAS,CACnB,GAAG,QAAQ,CAAC,QAAQ,CAAC;oBACxB,IAAI,MAAM,IAAI,CAAC,SAAS,CAAC,UAAU,CAAC,QAAQ,CAAC,EAAE;wBAC7C,MAAM,OAAO,GAAG,wBAAwB,IAAI,CAAC,QAAQ,cAAc,IAAI,CAAC,OAAO,gBAAgB,QAAQ,CAAC,SAAS,gBAAgB,QAAQ,CAAC,QAAQ,qGAAqG,CAAC;wBACxP,MAAM,CAAC,IAAI,CAAC;4BACV,QAAQ,EAAE,QAAQ,CAAC,QAAQ;4BAC3B,SAAS,EAAE,QAAQ,CAAC,SAAS;4BAC7B,SAAS,EAAE,uCAA2B,CAAC,mBAAmB;4BAC1D,OAAO,EAAE,OAAO;yBACjB,CAAC,CAAC;qBACJ;iBACF;aACF;iBAAM,IACL,QAAQ,CAAC,SAAS,KAAK,qBAAa,CAAC,SAAS,CAAC,cAAc,CAAC,OAAO;gBACrE,CAAC,CAAC,MAAM,IAAI,CAAC,aAAa,CAAC,WAAW,CACpC,+BAAe,CAAC,gBAAgB,CAC9B,IAAI,CAAC,QAAQ,EACb,IAAI,CAAC,OAAO,EACZ,QAAQ,CAAC,SAAS,CACnB,CACF,CAAC,EACF;gBACA,MAAM,OAAO,GAAG,yBAAyB,IAAI,CAAC,QAAQ,cAAc,IAAI,CAAC,OAAO,gBAAgB,QAAQ,CAAC,SAAS,mFAAmF,CAAC;gBACtM,MAAM,CAAC,IAAI,CAAC;oBACV,QAAQ,EAAE,QAAQ,CAAC,QAAQ;oBAC3B,SAAS,EAAE,QAAQ,CAAC,SAAS;oBAC7B,SAAS,EAAE,uCAA2B,CAAC,oBAAoB;oBAC3D,OAAO,EAAE,OAAO;iBACjB,CAAC,CAAC;aACJ;iBAAM,IACL,QAAQ,CAAC,SAAS,KAAK,qBAAa,CAAC,SAAS,CAAC,cAAc,CAAC,MAAM;gBACpE,CAAC,CAAC,MAAM,IAAI,CAAC,aAAa,CAAC,WAAW,CACpC,+BAAe,CAAC,gBAAgB,CAC9B,IAAI,CAAC,QAAQ,EACb,IAAI,CAAC,OAAO,EACZ,QAAQ,CAAC,SAAS,CACnB,CACF,CAAC,EACF;gBACA,MAAM,OAAO,GAAG,yBAAyB,IAAI,CAAC,QAAQ,cAAc,IAAI,CAAC,OAAO,gBAAgB,QAAQ,CAAC,SAAS,kFAAkF,CAAC;gBACrM,MAAM,CAAC,IAAI,CAAC;oBACV,QAAQ,EAAE,QAAQ,CAAC,QAAQ;oBAC3B,SAAS,EAAE,QAAQ,CAAC,SAAS;oBAC7B,SAAS,EAAE,uCAA2B,CAAC,oBAAoB;oBAC3D,OAAO,EAAE,OAAO;iBACjB,CAAC,CAAC;aACJ;YAED,mBAAmB,CAAC,IAAI,CAAC;gBACvB,QAAQ,EAAE,QAAQ,CAAC,QAAQ;gBAC3B,SAAS,EAAE,QAAQ,CAAC,SAAS;aAC9B,CAAC,CAAC;SACJ;QAED,OAAO,MAAM,CAAC;IAChB,CAAC;IAEO,KAAK,CAAC,YAAY;QACxB,IAAI,uBAAuB,GAAG,KAAK,CAAC;QACpC,KAAK,IAAI,CAAC,GAAG,CAAC,EAAE,CAAC,GAAG,IAAI,CAAC,QAAQ,CAAC,MAAM,EAAE,CAAC,EAAE,EAAE;YAC7C,MAAM,eAAe,GAAG,IAAI,CAAC,QAAQ,CAAC,CAAC,CAAC,CAAC;YACzC,IACE,eAAe,CAAC,SAAS,KAAK,qBAAa,CAAC,SAAS,CAAC,cAAc,CAAC,GAAG,EACxE;gBACA,MAAM,IAAI,CAAC,QAAQ,CACjB,eAAe,CAAC,SAAS,EACzB,eAAe,CAAC,QAAQ,EACxB,eAAe,CAAC,UAAU,CAC3B,CAAC;gBACF,uBAAuB,GAAG,IAAI,CAAC;aAChC;iBAAM,IACL,eAAe,CAAC,SAAS;gBACzB,qBAAa,CAAC,SAAS,CAAC,cAAc,CAAC,MAAM,EAC7C;gBACA,MAAM,IAAI,CAAC,UAAU,CACnB,eAAe,CAAC,SAAS,EACzB,eAAe,CAAC,QAAQ,EACxB,eAAe,CAAC,UAAU,CAC3B,CAAC;aACH;iBAAM,IACL,eAAe,CAAC,SAAS;gBACzB,qBAAa,CAAC,SAAS,CAAC,cAAc,CAAC,OAAO,EAC9C;gBACA,MAAM,IAAI,CAAC,YAAY,CACrB,eAAe,CAAC,SAAS,EACzB,eAAe,CAAC,QAAQ,EACxB,eAAe,CAAC,UAAU,CAC3B,CAAC;gBACF,uBAAuB,GAAG,IAAI,CAAC;aAChC;iBAAM;gBACL,MAAM,IAAI,CAAC,WAAW,CAAC,eAAe,CAAC,SAAS,CAAC,CAAC;gBAClD,uBAAuB,GAAG,IAAI,CAAC;aAChC;SACF;QACD,OAAO,uBAAuB,CAAC;IACjC,CAAC;IAEM,KAAK,CAAC,OAAO;QAClB,IAAI,eAAe,GAA2B,EAAE,CAAC;QACjD,IAAI,iBAAiB,GAA+B,EAAE,CAAC;QACvD,IAAI,iBAAiB,GAAG,kCAAsB,CAAC,OAAO,CAAC;QACvD,MAAM,MAAM,GAA2B,MAAM,IAAI,CAAC,iBAAiB,EAAE,CAAC;QACtE,IAAI,MAAM,CAAC,MAAM,EAAE;YACjB,IAAI,CAAC,6BAA6B,CAAC,IAAI,CAAC,GAAG,MAAM,CAAC,CAAC;YACnD,iBAAiB,GAAG,IAAI,CAAC,cAAc,CAAC;YACxC,iBAAiB,GAAG,kCAAsB,CAAC,KAAK,CAAC;SAClD;aAAM;YACL,IAAI;gBACF,MAAM,gBAAgB,GAAG,MAAM,IAAI,CAAC,YAAY,EAAE,CAAC;gBACnD,IAAI,gBAAgB,EAAE;oBACpB,MAAM,oBAAoB,GACxB,kCAAiB,CAAC,wBAAwB,CACxC,IAAI,CAAC,QAAQ,EACb,IAAI,CAAC,OAAO,EACZ,IAAI,CAAC,QAAQ,EACb,IAAI,CAAC,wBAAwB,EAC7B,IAAI,CAAC,cAAc,CACpB,CAAC;oBACJ,iBAAiB,GAAG,oBAAoB,CAAC,QAAQ,CAAC;oBAClD,gEAAgE;oBAChE,oBAAoB;oBACpB,IAAI,iBAAiB,CAAC,MAAM,EAAE;wBAC5B,eAAe,GAAG,CAAC,MAAM,IAAI,CAAC,oBAAoB,EAAE,aAAa,CAC/D,+BAAe,CAAC,WAAW,CAAC,IAAI,CAAC,QAAQ,EAAE,IAAI,CAAC,OAAO,CAAC,EACxD,oBAAoB,CAAC,UAAU,CAChC,CAA2B,CAAC;qBAC9B;iBACF;qBAAM;oBACL,iBAAiB,GAAG,IAAI,CAAC,cAAc,CAAC;iBACzC;gBACD,iBAAiB,GAAG,IAAI,CAAC,6BAA6B,CAAC,MAAM;oBAC3D,CAAC,CAAC,kCAAsB,CAAC,OAAO;oBAChC,CAAC,CAAC,kCAAsB,CAAC,EAAE,CAAC;aAC/B;YAAC,OAAO,GAAG,EAAE;gBACZ,MAAM,OAAO,GAAG,8GAA8G,GAAG,EAAE,CAAC;gBACpI,IAAI,CAAC,6BAA6B,CAAC,IAAI,CAAC;oBACtC,QAAQ,EAAE,SAAS;oBACnB,OAAO,EAAE,OAAO;oBAChB,SAAS,EAAE,uCAA2B,CAAC,gBAAgB;iBACxD,CAAC,CAAC;gBACH,IAAI,GAAG,YAAY,YAAK,CAAC,WAAW,EAAE;oBACpC,GAAG,CAAC,OAAO,EAAE,CAAC;iBACf;qBAAM;oBACL,IAAI,YAAK,CAAC,WAAW,CAAC,OAAO,EAAE,GAAG,EAAE,GAAG,EAAE,iBAAiB,CAAC,CAAC,OAAO,EAAE,CAAC;iBACvE;gBACD,iBAAiB,GAAG,kCAAsB,CAAC,KAAK,CAAC;aAClD;SACF;QACD,OAAO;YACL,eAAe,EAAE,iBAAiB;YAClC,oBAAoB,EAAE,IAAI,CAAC,6BAA6B;YACxD,eAAe,EAAE,eAAe;YAChC,MAAM,EAAE,iBAAiB;SAC1B,CAAC;IACJ,CAAC;CACF;AA3aD,oCA2aC","sourcesContent":["import {fileIngestion} from '@glyphx/types';\nimport {error, aws} from '@glyphx/core';\nimport {BasicAthenaProcessor} from '@fileProcessing';\nimport {Readable} from 'node:stream';\nimport {FileUploadManager, FileReconciliator} from './fileProcessing';\n\nimport {\n  IFileInformation,\n  IFileProcessingError,\n  IJoinTableDefinition,\n  IFileProcessingResult,\n} from '@interfaces/fileProcessing';\nimport {\n  generalPurposeFunctions,\n  generalPurposeFunctions as sharedFunctions,\n} from '@util';\nimport {TableArchiver} from './fileProcessing/tableArchiver';\nimport {\n  FILE_PROCESSING_ERROR_TYPES,\n  FILE_PROCESSING_STATUS,\n} from '@util/constants';\n\nexport class FileIngestor {\n  private readonly clientIdField: string;\n  private readonly modelIdField: string;\n  private readonly bucketNameField: string;\n  private readonly fileStatisticsField: fileIngestion.IFileStats[];\n  private readonly fileInfoField: fileIngestion.IFileInfo[];\n  private readonly databaseNameField: string;\n  private readonly s3Manager: aws.S3Manager;\n  private readonly athenaManager: aws.AthenaManager;\n  private readonly basicAthenaProcessor: BasicAthenaProcessor;\n  private viewRemoved: boolean;\n  private readonly processedFileInformation: IFileInformation[];\n  private readonly processedFileErrorInformation: IFileProcessingError[];\n  private initedField: boolean;\n  private readonly tableArchver: TableArchiver;\n\n  public get isSafe() {\n    if (!this.inited)\n      throw new error.InvalidOperationError(\n        'You must call init before perfoming this action',\n        {inited: this.inited}\n      );\n\n    return true;\n  }\n\n  public get clientId() {\n    return this.clientIdField;\n  }\n  public get modelId() {\n    return this.modelIdField;\n  }\n\n  public get bucketName() {\n    return this.bucketNameField;\n  }\n\n  public get fileStatistics(): fileIngestion.IFileStats[] {\n    return this.fileStatisticsField;\n  }\n\n  public get fileInfo(): fileIngestion.IFileInfo[] {\n    return this.fileInfoField;\n  }\n\n  public get databaseName(): string {\n    return this.databaseNameField;\n  }\n\n  public get inited() {\n    return this.initedField;\n  }\n  constructor(payload: fileIngestion.IPayload, databaseName: string) {\n    this.clientIdField = payload.clientId;\n    this.modelIdField = payload.modelId;\n    this.bucketNameField = payload.bucketName;\n    this.fileStatisticsField = payload.fileStats;\n    this.fileInfoField = payload.fileInfo;\n\n    this.databaseNameField = databaseName;\n    this.initedField = false;\n    this.viewRemoved = false;\n    this.processedFileInformation = [];\n    this.processedFileErrorInformation = [];\n\n    this.s3Manager = new aws.S3Manager(this.bucketName);\n    this.athenaManager = new aws.AthenaManager(this.databaseName);\n    this.basicAthenaProcessor = new BasicAthenaProcessor(\n      this.bucketName,\n      this.databaseName\n    );\n    this.tableArchver = new TableArchiver(\n      this.clientId,\n      this.modelId,\n      this.s3Manager as aws.S3Manager\n    );\n  }\n\n  public async init() {\n    if (!this.inited) {\n      try {\n        await this.s3Manager.init();\n\n        await this.athenaManager.init();\n\n        await this.basicAthenaProcessor.init();\n      } catch (err) {\n        throw new error.InvalidArgumentError(\n          'An unexpected error occurred while initing the FileIngestor.  See the inner error for additional information',\n          '',\n          null,\n          err\n        );\n      }\n      this.initedField = true;\n    }\n  }\n\n  async removeTableFromAthena(tableName: string) {\n    const fullTableName = sharedFunctions.getFullTableName(\n      this.clientId,\n      this.modelId,\n      tableName\n    );\n\n    await this.athenaManager.dropTable(fullTableName);\n  }\n\n  async removeViewFromAthena() {\n    if (!this.viewRemoved) {\n      const viewName = sharedFunctions.getViewName(this.clientId, this.modelId);\n\n      await this.athenaManager.dropView(viewName);\n\n      this.viewRemoved = true;\n    }\n  }\n\n  private async deleteTable(tableName: string) {\n    await this.removeViewFromAthena();\n    await this.removeTableFromAthena(tableName);\n    await this.tableArchver.archiveTable(tableName);\n  }\n\n  async replaceTable(\n    tableName: string,\n    fileName: string,\n    fileStream: Readable\n  ) {\n    await this.deleteTable(tableName);\n    await this.addTable(\n      tableName,\n      fileName,\n      fileStream,\n      fileIngestion.constants.FILE_OPERATION.REPLACE\n    );\n  }\n\n  private async appendFile(\n    tableName: string,\n    fileName: string,\n    fileStream: Readable\n  ) {\n    //TODO: should I check for the append file or just trust the front end.\n\n    await this.uploadFile(\n      tableName,\n      fileName,\n      fileStream,\n      fileIngestion.constants.FILE_OPERATION.APPEND\n    );\n  }\n\n  private async addTable(\n    tableName: string,\n    fileName: string,\n    fileStream: Readable,\n    fileOperationType = fileIngestion.constants.FILE_OPERATION.ADD\n  ) {\n    //This is a view affecting operation so remove it if it exists\n\n    await this.removeViewFromAthena();\n    await this.uploadFile(tableName, fileName, fileStream, fileOperationType);\n  }\n\n  private async uploadFile(\n    tableName: string,\n    fileName: string,\n    fileStream: Readable,\n    fileOperationType: fileIngestion.constants.FILE_OPERATION\n  ) {\n    const {fileInformation, errorInformation} =\n      await FileUploadManager.processAndUploadNewFiles(\n        this.clientId,\n        this.modelId,\n        fileStream,\n        tableName,\n        fileName,\n        fileOperationType,\n        this.s3Manager\n      );\n\n    this.processedFileInformation.push(fileInformation);\n    this.processedFileErrorInformation.push(...errorInformation);\n  }\n\n  /**\n   * Basically this method will try to head off a client doing bad things.\n   * The logic here is intentionally concervative.  While running delete\n   * on a non-existant table is possible, or just adding when replace is\n   * called on a table that doesn't exist.  I do not want to get into the\n   * habit of just letting the front end get away with sloppy implementations.\n   * Being conservative will allow us to identify issues which may cause\n   * problems down the road by not guessing what the implimentor was\n   * thinking.\n   */\n  private async reconcileFileInfo(): Promise<IFileProcessingError[]> {\n    const retval: IFileProcessingError[] = [];\n    const addedFileNames: string[] = [];\n    const processedTableFiles: {fileName: string; tableName: string}[] = [];\n    for (let i = 0; i < this.fileInfo.length; i++) {\n      const fileInfo = this.fileInfo[i];\n      if (\n        processedTableFiles.find(\n          a =>\n            a.tableName === fileInfo.tableName &&\n            a.fileName === fileInfo.fileName\n        )\n      ) {\n        const message = `A file/table combinatoin for clientId: ${this.clientId}, modelId: ${this.modelId}, tableName: ${fileInfo.tableName}, fileName: ${fileInfo.fileName} has already been checked for processing.  Each fileName/TableName combination must be unique`;\n        retval.push({\n          fileName: fileInfo.fileName,\n          tableName: fileInfo.tableName,\n          errorType: FILE_PROCESSING_ERROR_TYPES.INVALID_TABLE_SET,\n          message: message,\n        });\n      } else if (\n        fileInfo.operation === fileIngestion.constants.FILE_OPERATION.ADD\n      ) {\n        if (\n          await this.athenaManager.tableExists(\n            sharedFunctions.getFullTableName(\n              this.clientId,\n              this.modelId,\n              fileInfo.tableName\n            )\n          )\n        ) {\n          const message = `A table for clientId: ${this.clientId}, modelId: ${this.modelId}, tableName: ${fileInfo.tableName} aready exits in the database.  You must remove it before adding or call replace`;\n          retval.push({\n            fileName: fileInfo.fileName,\n            tableName: fileInfo.tableName,\n            errorType: FILE_PROCESSING_ERROR_TYPES.TABLE_ALREADY_EXISTS,\n            message: message,\n          });\n        } else if (addedFileNames.find(f => f === fileInfo.tableName)) {\n          const message = `A table for clientId: ${this.clientId}, modelId: ${this.modelId}, tableName: ${fileInfo.tableName} has already been flagged for add on this set of operations. A Second add does not make sense`;\n          retval.push({\n            fileName: fileInfo.fileName,\n            tableName: fileInfo.tableName,\n            errorType: FILE_PROCESSING_ERROR_TYPES.INVALID_TABLE_SET,\n            message: message,\n          });\n        } else {\n          addedFileNames.push(fileInfo.tableName);\n        }\n        //An append can be called if we are plannig on adding a table in this operation.\n      } else if (\n        fileInfo.operation === fileIngestion.constants.FILE_OPERATION.APPEND\n      ) {\n        if (\n          !(await this.athenaManager.tableExists(\n            sharedFunctions.getFullTableName(\n              this.clientId,\n              this.modelId,\n              fileInfo.tableName\n            )\n          )) &&\n          !addedFileNames.find(f => f === fileInfo.tableName)\n        ) {\n          const message = `A table for clientId: ${this.clientId}, modelId: ${this.modelId}, tableName: ${fileInfo.tableName} does not exits in the database.  You cannot append a file to a non existant table`;\n          retval.push({\n            fileName: fileInfo.fileName,\n            tableName: fileInfo.tableName,\n            errorType: FILE_PROCESSING_ERROR_TYPES.TABLE_DOES_NOT_EXIST,\n            message: message,\n          });\n        } else {\n          const fileName =\n            sharedFunctions.getTableParquetPath(\n              this.clientId,\n              this.modelId,\n              fileInfo.tableName\n            ) + fileInfo.fileName;\n          if (await this.s3Manager.fileExists(fileName)) {\n            const message = `A file for clientId: ${this.clientId}, modelId: ${this.modelId}, tableName: ${fileInfo.tableName}, fileeName: ${fileInfo.fileName} Has allready been uploaded.  You can append a new file, but you cannot overwrite an existing file.`;\n            retval.push({\n              fileName: fileInfo.fileName,\n              tableName: fileInfo.tableName,\n              errorType: FILE_PROCESSING_ERROR_TYPES.FILE_ALREADY_EXISTS,\n              message: message,\n            });\n          }\n        }\n      } else if (\n        fileInfo.operation === fileIngestion.constants.FILE_OPERATION.REPLACE &&\n        !(await this.athenaManager.tableExists(\n          sharedFunctions.getFullTableName(\n            this.clientId,\n            this.modelId,\n            fileInfo.tableName\n          )\n        ))\n      ) {\n        const message = `A table for clientId: ${this.clientId}, modelId: ${this.modelId}, tableName: ${fileInfo.tableName} does not exits in the database.  You cannot replace a table that does not exist `;\n        retval.push({\n          fileName: fileInfo.fileName,\n          tableName: fileInfo.tableName,\n          errorType: FILE_PROCESSING_ERROR_TYPES.TABLE_DOES_NOT_EXIST,\n          message: message,\n        });\n      } else if (\n        fileInfo.operation === fileIngestion.constants.FILE_OPERATION.DELETE &&\n        !(await this.athenaManager.tableExists(\n          sharedFunctions.getFullTableName(\n            this.clientId,\n            this.modelId,\n            fileInfo.tableName\n          )\n        ))\n      ) {\n        const message = `A table for clientId: ${this.clientId}, modelId: ${this.modelId}, tableName: ${fileInfo.tableName} does not exits in the database.  You cannot delete a table that does not exist `;\n        retval.push({\n          fileName: fileInfo.fileName,\n          tableName: fileInfo.tableName,\n          errorType: FILE_PROCESSING_ERROR_TYPES.TABLE_DOES_NOT_EXIST,\n          message: message,\n        });\n      }\n\n      processedTableFiles.push({\n        fileName: fileInfo.fileName,\n        tableName: fileInfo.tableName,\n      });\n    }\n\n    return retval;\n  }\n\n  private async processFiles(): Promise<boolean> {\n    let viewAffectingOperations = false;\n    for (let i = 0; i < this.fileInfo.length; i++) {\n      const fileInformation = this.fileInfo[i];\n      if (\n        fileInformation.operation === fileIngestion.constants.FILE_OPERATION.ADD\n      ) {\n        await this.addTable(\n          fileInformation.tableName,\n          fileInformation.fileName,\n          fileInformation.fileStream\n        );\n        viewAffectingOperations = true;\n      } else if (\n        fileInformation.operation ===\n        fileIngestion.constants.FILE_OPERATION.APPEND\n      ) {\n        await this.appendFile(\n          fileInformation.tableName,\n          fileInformation.fileName,\n          fileInformation.fileStream\n        );\n      } else if (\n        fileInformation.operation ===\n        fileIngestion.constants.FILE_OPERATION.REPLACE\n      ) {\n        await this.replaceTable(\n          fileInformation.tableName,\n          fileInformation.fileName,\n          fileInformation.fileStream\n        );\n        viewAffectingOperations = true;\n      } else {\n        await this.deleteTable(fileInformation.tableName);\n        viewAffectingOperations = true;\n      }\n    }\n    return viewAffectingOperations;\n  }\n\n  public async process(): Promise<IFileProcessingResult> {\n    let joinInformation: IJoinTableDefinition[] = [];\n    let fileInfoForReturn: fileIngestion.IFileStats[] = [];\n    let processingResults = FILE_PROCESSING_STATUS.UNKNOWN;\n    const errors: IFileProcessingError[] = await this.reconcileFileInfo();\n    if (errors.length) {\n      this.processedFileErrorInformation.push(...errors);\n      fileInfoForReturn = this.fileStatistics;\n      processingResults = FILE_PROCESSING_STATUS.ERROR;\n    } else {\n      try {\n        const needsViewUpdates = await this.processFiles();\n        if (needsViewUpdates) {\n          const reconFileInformati
[...]
on.constants.FILE_OPERATION,\n    s3Manager: aws.S3Manager\n  ) {\n    const csvFileName =\n      sharedFunctions.getTableCsvPath(clientId, modelId, tableName) + fileName;\n    const splitStream = FileUploadManager.creatBaseStream(fileStream);\n\n    //Create our fork for the csv stream\n    const csvUpload = FileUploadManager.createCsvStream(\n      csvFileName,\n      s3Manager,\n      splitStream\n    );\n\n    //create our fork for our parquet file\n    const {parquetFileName, parquetPath} = FileUploadManager.getParquetFileName(\n      csvFileName,\n      clientId,\n      modelId,\n      tableName\n    );\n\n    const processedFileInformation: IFileInformation = {} as IFileInformation;\n    const processedFileErrorInformation: IFileProcessingError[] = [];\n    const {parquetUpload} = FileUploadManager.createParquetStream(\n      fileName,\n      parquetFileName,\n      parquetPath,\n      tableName,\n      fileOperationType,\n      splitStream,\n      s3Manager,\n      processedFileInformation,\n      processedFileErrorInformation\n    );\n\n    splitStream.startPipeline();\n    await Promise.all([csvUpload.done(), parquetUpload.done()]);\n\n    return {\n      fileInformation: processedFileInformation,\n      errorInformation: processedFileErrorInformation,\n    };\n  }\n}\n"]},"_coverageSchema":"1a1c01bbd47fc00a2c39e90264f33305004495a9","hash":"4a5691b7c63d7bdfd13435420c30f6b2a80d95cd","contentHash":"d695c7643b97f2976d19de4e341edb2be1c767c8b38c8eb43246bb9d76141526"},"/home/jpburford/projects/glyphx/monorepo/packages/fileIngestion/src/fileProcessing/fileReconciliator.ts":{"path":"/home/jpburford/projects/glyphx/monorepo/packages/fileIngestion/src/fileProcessing/fileReconciliator.ts","statementMap":{"0":{"start":{"line":2,"column":0},"end":{"line":2,"column":62}},"1":{"start":{"line":3,"column":0},"end":{"line":3,"column":35}},"2":{"start":{"line":4,"column":16},"end":{"line":4,"column":40}},"3":{"start":{"line":5,"column":16},"end":{"line":5,"column":32}},"4":{"start":{"line":8,"column":8},"end":{"line":10,"column":35}},"5":{"start":{"line":9,"column":25},"end":{"line":9,"column":94}},"6":{"start":{"line":10,"column":22},"end":{"line":10,"column":33}},"7":{"start":{"line":13,"column":8},"end":{"line":19,"column":11}},"8":{"start":{"line":14,"column":12},"end":{"line":15,"column":23}},"9":{"start":{"line":15,"column":16},"end":{"line":15,"column":23}},"10":{"start":{"line":16,"column":30},"end":{"line":17,"column":101}},"11":{"start":{"line":16,"column":66},"end":{"line":16,"column":124}},"12":{"start":{"line":17,"column":42},"end":{"line":17,"column":100}},"13":{"start":{"line":18,"column":12},"end":{"line":18,"column":38}},"14":{"start":{"line":22,"column":8},"end":{"line":32,"column":11}},"15":{"start":{"line":23,"column":26},"end":{"line":23,"column":27}},"16":{"start":{"line":25,"column":12},"end":{"line":26,"column":23}},"17":{"start":{"line":25,"column":44},"end":{"line":25,"column":61}},"18":{"start":{"line":26,"column":16},"end":{"line":26,"column":23}},"19":{"start":{"line":27,"column":12},"end":{"line":31,"column":13}},"20":{"start":{"line":27,"column":38},"end":{"line":27,"column":96}},"21":{"start":{"line":29,"column":16},"end":{"line":29,"column":96}},"22":{"start":{"line":30,"column":16},"end":{"line":30,"column":38}},"23":{"start":{"line":35,"column":8},"end":{"line":41,"column":15}},"24":{"start":{"line":36,"column":34},"end":{"line":36,"column":42}},"25":{"start":{"line":37,"column":34},"end":{"line":37,"column":112}},"26":{"start":{"line":38,"column":12},"end":{"line":38,"column":62}},"27":{"start":{"line":39,"column":12},"end":{"line":39,"column":48}},"28":{"start":{"line":40,"column":12},"end":{"line":40,"column":25}},"29":{"start":{"line":44,"column":23},"end":{"line":44,"column":25}},"30":{"start":{"line":45,"column":31},"end":{"line":45,"column":90}},"31":{"start":{"line":46,"column":8},"end":{"line":71,"column":9}},"32":{"start":{"line":47,"column":31},"end":{"line":69,"column":14}},"33":{"start":{"line":48,"column":16},"end":{"line":48,"column":53}},"34":{"start":{"line":49,"column":16},"end":{"line":49,"column":45}},"35":{"start":{"line":50,"column":16},"end":{"line":55,"column":17}},"36":{"start":{"line":52,"column":20},"end":{"line":52,"column":62}},"37":{"start":{"line":53,"column":20},"end":{"line":53,"column":46}},"38":{"start":{"line":54,"column":20},"end":{"line":54,"column":66}},"39":{"start":{"line":56,"column":16},"end":{"line":57,"column":70}},"40":{"start":{"line":57,"column":20},"end":{"line":57,"column":70}},"41":{"start":{"line":58,"column":16},"end":{"line":58,"column":29}},"42":{"start":{"line":70,"column":12},"end":{"line":70,"column":36}},"43":{"start":{"line":72,"column":8},"end":{"line":72,"column":22}},"44":{"start":{"line":75,"column":26},"end":{"line":75,"column":28}},"45":{"start":{"line":76,"column":34},"end":{"line":76,"column":78}},"46":{"start":{"line":77,"column":8},"end":{"line":77,"column":111}},"47":{"start":{"line":78,"column":8},"end":{"line":78,"column":93}},"48":{"start":{"line":79,"column":23},"end":{"line":79,"column":90}},"49":{"start":{"line":80,"column":8},"end":{"line":80,"column":59}},"50":{"start":{"line":83,"column":0},"end":{"line":83,"column":46}}},"fnMap":{"0":{"name":"(anonymous_0)","decl":{"start":{"line":7,"column":4},"end":{"line":7,"column":5}},"loc":{"start":{"line":7,"column":38},"end":{"line":11,"column":5}},"line":7},"1":{"name":"(anonymous_1)","decl":{"start":{"line":9,"column":20},"end":{"line":9,"column":21}},"loc":{"start":{"line":9,"column":25},"end":{"line":9,"column":94}},"line":9},"2":{"name":"(anonymous_2)","decl":{"start":{"line":10,"column":17},"end":{"line":10,"column":18}},"loc":{"start":{"line":10,"column":22},"end":{"line":10,"column":33}},"line":10},"3":{"name":"(anonymous_3)","decl":{"start":{"line":12,"column":4},"end":{"line":12,"column":5}},"loc":{"start":{"line":12,"column":96},"end":{"line":20,"column":5}},"line":12},"4":{"name":"(anonymous_4)","decl":{"start":{"line":13,"column":25},"end":{"line":13,"column":26}},"loc":{"start":{"line":13,"column":30},"end":{"line":19,"column":9}},"line":13},"5":{"name":"(anonymous_5)","decl":{"start":{"line":16,"column":60},"end":{"line":16,"column":61}},"loc":{"start":{"line":16,"column":66},"end":{"line":16,"column":124}},"line":16},"6":{"name":"(anonymous_6)","decl":{"start":{"line":17,"column":36},"end":{"line":17,"column":37}},"loc":{"start":{"line":17,"column":42},"end":{"line":17,"column":100}},"line":17},"7":{"name":"(anonymous_7)","decl":{"start":{"line":21,"column":4},"end":{"line":21,"column":5}},"loc":{"start":{"line":21,"column":78},"end":{"line":33,"column":5}},"line":21},"8":{"name":"(anonymous_8)","decl":{"start":{"line":22,"column":31},"end":{"line":22,"column":32}},"loc":{"start":{"line":22,"column":36},"end":{"line":32,"column":9}},"line":22},"9":{"name":"(anonymous_9)","decl":{"start":{"line":25,"column":39},"end":{"line":25,"column":40}},"loc":{"start":{"line":25,"column":44},"end":{"line":25,"column":61}},"line":25},"10":{"name":"(anonymous_10)","decl":{"start":{"line":27,"column":32},"end":{"line":27,"column":33}},"loc":{"start":{"line":27,"column":38},"end":{"line":27,"column":96}},"line":27},"11":{"name":"(anonymous_11)","decl":{"start":{"line":34,"column":4},"end":{"line":34,"column":5}},"loc":{"start":{"line":34,"column":53},"end":{"line":42,"column":5}},"line":34},"12":{"name":"(anonymous_12)","decl":{"start":{"line":35,"column":32},"end":{"line":35,"column":33}},"loc":{"start":{"line":35,"column":53},"end":{"line":41,"column":9}},"line":35},"13":{"name":"(anonymous_13)","decl":{"start":{"line":43,"column":4},"end":{"line":43,"column":5}},"loc":{"start":{"line":43,"column":61},"end":{"line":73,"column":5}},"line":43},"14":{"name":"(anonymous_14)","decl":{"start":{"line":47,"column":58},"end":{"line":47,"column":59}},"loc":{"start":{"line":47,"column":72},"end":{"line":59,"column":13}},"line":47},"15":{"name":"(anonymous_15)","decl":{"start":{"line":74,"column":4},"end":{"line":74,"column":5}},"loc":{"start":{"line":74,"column":107},"end":{"line":81,"column":5}},"line":74}},"branchMap":{"0":{"loc":{"start":{"line":14,"column":12},"end":{"line":15,"column":23}},"type":"if","locations":[{"start":{"line":14,"column":12},"end":{"line":15,"column":23}},{"start":{"line":14,"column":12},"end":{"line":15,"column":23}}],"line":14},"1":{"loc":{"start":{"line":16,"column":30},"end":{"line":17,"column":101}},"type":"binary-expr","locations":[{"start":{"line":16,"column":30},"end":{"line":16,"column":125}},{"start":{"line":17,"column":16},"end":{"line":17,"column":101}}],"line":16},"2":{"loc":{"start":{"line":16,"column":66},"end":{"line":16,"column":124}},"type":"binary-expr","locations":[{"start":{"line":16,"column":66},"end":{"line":16,"column":94}},{"start":{"line":16,"column":98},"end":{"line":16,"column":124}}],"line":16},"3":{"loc":{"start":{"line":17,"column":42},"end":{"line":17,"column":100}},"type":"binary-expr","locations":[{"start":{"line":17,"column":42},"end":{"line":17,"column":70}},{"start":{"line":17,"column":74},"end":{"line":17,"column":100}}],"line":17},"4":{"loc":{"start":{"line":25,"column":12},"end":{"line":26,"column":23}},"type":"if","locations":[{"start":{"line":25,"column":12},"end":{"line":26,"column":23}},{"start":{"line":25,"column":12},"end":{"line":26,"column":23}}],"line":25},"5":{"loc":{"start":{"line":27,"column":12},"end":{"line":31,"column":13}},"type":"if","locations":[{"start":{"line":27,"column":12},"end":{"line":31,"column":13}},{"start":{"line":27,"column":12},"end":{"line":31,"column":13}}],"line":27},"6":{"loc":{"start":{"line":27,"column":38},"end":{"line":27,"column":96}},"type":"binary-expr","locations":[{"start":{"line":27,"column":38},"end":{"line":27,"column":66}},{"start":{"line":27,"column":70},"end":{"line":27,"column":96}}],"line":27},"7":{"loc":{"start":{"line":38,"column":35},"end":{"line":38,"column":61}},"type":"binary-expr","locations":[{"start":{"line":38,"column":35},"end":{"line":38,"column":55}},{"start":{"line":38,"column":59},"end":{"line":38,"column":61}}],"line":38},"8":{"loc":{"start":{"line":50,"column":16},"end":{"line":55,"column":17}},"type":"if","locations":[{"start":{"line":50,"column":16},"end":{"line":55,"column":17}},{"start":{"line":50,"column":16},"end":{"line":55,"column":17}}],"line":50},"9":{"loc":{"start":{"line":50,"column":20},"end":{"line":51,"column":65}},"type":"binary-expr","locations":[{"start":{"line":50,"column":20},"end":{"line":50,"column":47}},{"start":{"line":51,"column":20},"end":{"line":51,"column":65}}],"line":50},"10":{"loc":{"start":{"line":56,"column":16},"end":{"line":57,"column":70}},"type":"if","locations":[{"start":{"line":56,"column":16},"end":{"line":57,"column":70}},{"start":{"line":56,"column":16},"end":{"line":57,"column":70}}],"line":56}},"s":{"0":1,"1":1,"2":1,"3":1,"4":0,"5":0,"6":0,"7":0,"8":0,"9":0,"10":0,"11":0,"12":0,"13":0,"14":0,"15":0,"16":0,"17":0,"18":0,"19":0,"20":0,"21":0,"22":0,"23":0,"24":0,"25":0,"26":0,"27":0,"28":0,"29":0,"30":0,"31":0,"32":0,"33":0,"34":0,"35":0,"36":0,"37":0,"38":0,"39":0,"40":0,"41":0,"42":0,"43":0,"44":0,"45":0,"46":0,"47":0,"48":0,"49":0,"50":1},"f":{"0":0,"1":0,"2":0,"3":0,"4":0,"5":0,"6":0,"7":0,"8":0,"9":0,"10":0,"11":0,"12":0,"13":0,"14":0,"15":0},"b":{"0":[0,0],"1":[0,0],"2":[0,0],"3":[0,0],"4":[0,0],"5":[0,0],"6":[0,0],"7":[0,0],"8":[0,0],"9":[0,0],"10":[0,0]},"inputSourceMap":{"version":3,"file":"/home/jpburford/projects/glyphx/monorepo/packages/fileIngestion/src/fileProcessing/fileReconciliator.ts","sources":["/home/jpburford/projects/glyphx/monorepo/packages/fileIngestion/src/fileProcessing/fileReconciliator.ts"],"names":[],"mappings":";;;AACA,yCAA4C;AAC5C,iCAAiE;AAEjE,MAAa,iBAAiB;IACpB,MAAM,CAAC,gBAAgB,CAAC,QAAmC;QACjE,OAAO,QAAQ;aACZ,MAAM,CACL,CAAC,CAAC,EAAE,CAAC,CAAC,CAAC,SAAS,KAAK,qBAAa,CAAC,SAAS,CAAC,cAAc,CAAC,MAAM,CACnE;aACA,GAAG,CAAC,CAAC,CAAC,EAAE,CAAC,CAAC,CAAC,SAAS,CAAC,CAAC;IAC3B,CAAC;IAEO,MAAM,CAAC,qBAAqB,CAClC,QAAmC,EACnC,wBAA4C,EAC5C,cAA0C,EAC1C,SAA6B;QAE7B,QAAQ,CAAC,OAAO,CAAC,CAAC,CAAC,EAAE;YACnB,IAAI,CAAC,CAAC,SAAS,KAAK,qBAAa,CAAC,SAAS,CAAC,cAAc,CAAC,MAAM;gBAAE,OAAO;YAC1E,MAAM,SAAS,GACb,wBAAwB,CAAC,IAAI,CAC3B,EAAE,CAAC,EAAE,CAAC,EAAE,CAAC,SAAS,KAAK,CAAC,CAAC,SAAS,IAAI,EAAE,CAAC,QAAQ,KAAK,CAAC,CAAC,QAAQ,CACjE;gBACA,cAAc,CAAC,IAAI,CAClB,EAAE,CAAC,EAAE,CAAC,EAAE,CAAC,SAAS,KAAK,CAAC,CAAC,SAAS,IAAI,EAAE,CAAC,QAAQ,KAAK,CAAC,CAAC,QAAQ,CACjC,CAAC;YACpC,SAAS,CAAC,IAAI,CAAC,SAAS,CAAC,CAAC;QAC5B,CAAC,CAAC,CAAC;IACL,CAAC;IAEO,MAAM,CAAC,oBAAoB,CACjC,cAA0C,EAC1C,iBAA2B,EAC3B,SAA6B;QAE7B,cAAc,CAAC,OAAO,CAAC,CAAC,CAAC,EAAE;YACzB,MAAM,KAAK,GAAG,CAAgC,CAAC;YAC/C,mCAAmC;YACnC,IAAI,iBAAiB,CAAC,IAAI,CAAC,CAAC,CAAC,EAAE,CAAC,CAAC,KAAK,CAAC,CAAC,SAAS,CAAC;gBAAE,OAAO;YAC3D,IACE,CAAC,SAAS,CAAC,IAAI,CACb,EAAE,CAAC,EAAE,CAAC,EAAE,CAAC,SAAS,KAAK,CAAC,CAAC,SAAS,IAAI,EAAE,CAAC,QAAQ,KAAK,CAAC,CAAC,QAAQ,CACjE,EACD;gBACA,wJAAwJ;gBACxJ,KAAK,CAAC,iBAAiB,GAAG,qBAAa,CAAC,SAAS,CAAC,cAAc,CAAC,MAAM,CAAC;gBACxE,SAAS,CAAC,IAAI,CAAC,KAAK,CAAC,CAAC;aACvB;QACH,CAAC,CAAC,CAAC;IACL,CAAC;IAEO,MAAM,CAAC,WAAW,CACxB,SAA6B,EAC7B,QAAgB,EAChB,OAAe;QAEf,OAAO,SAAS,CAAC,MAAM,CAAC,CAAC,KAAK,EAAE,QAAQ,EAAE,EAAE;YAC1C,MAAM,EAAC,SAAS,EAAC,GAAG,QAAQ,CAAC;YAC7B,MAAM,aAAa,GAAG,+BAAe,CAAC,gBAAgB,CACpD,QAAQ,EACR,OAAO,EACP,SAAS,CACV,CAAC;YACF,KAAK,CAAC,aAAa,CAAC,GAAG,KAAK,CAAC,aAAa,CAAC,IAAI,EAAE,CAAC;YAClD,KAAK,CAAC,aAAa,CAAC,CAAC,IAAI,CAAC,QAAQ,CAAC,CAAC;YACpC,OAAO,KAAK,CAAC;QACf,CAAC,EAAE,EAAwC,CAAC,CAAC;IAC/C,CAAC;IAEO,MAAM,CAAC,mBAAmB,CAChC,QAAgB,EAChB,OAAe,EACf,SAA6B;QAE7B,MAAM,MAAM,GAAuB,EAAE,CAAC;QAEtC,MAAM,cAAc,GAAG,iBAAiB,CAAC,WAAW,CAClD,SAAS,EACT,QAAQ,EACR,OAAO,CACR,CAAC;QAEF,KAAK,MAAM,GAAG,IAAI,cAAc,EAAE;YAChC,MAAM,UAAU,GAAG,cAAc,CAAC,GAAG,CAAC,CAAC,MAAM,CAC3C,CAAC,KAAuB,EAAE,CAAmB,EAAE,EAAE;gBAC/C,KAAK,CAAC,YAAY,IAAI,CAAC,CAAC,YAAY,CAAC;gBACrC,KAAK,CAAC,QAAQ,IAAI,CAAC,CAAC,QAAQ,CAAC;gBAC7B,IACE,KAAK,CAAC,eAAe,KAAK,CAAC;oBAC3B,CAAC,CAAC,iBAAiB,GAAG,KAAK,CAAC,iBAAiB,EAC7C;oBACA,KAAK,CAAC,eAAe,GAAG,CAAC,CAAC,eAAe,CAAC;oBAC1C,KAAK,CAAC,OAAO,GAAG,CAAC,CAAC,OAAO,CAAC;oBAC1B,KAAK,CAAC,iBAAiB,GAAG,CAAC,CAAC,iBAAiB,CAAC;iBAC/C;gBAED,IAAI,CAAC,KAAK,CAAC,mBAAmB;oBAC5B,KAAK,CAAC,mBAAmB,GAAG,CAAC,CAAC,mBAAmB,CAAC;gBAEpD,OAAO,KAAK,CAAC;YACf,CAAC,EACD;gBACE,SAAS,EAAE,GAAG;gBACd,QAAQ,EAAE,EAAE;gBACZ,eAAe,EAAE,EAAE;gBACnB,mBAAmB,EAAE,EAAE;gBACvB,YAAY,EAAE,CAAC;gBACf,eAAe,EAAE,CAAC;gBAClB,OAAO,EAAE,EAAE;gBACX,QAAQ,EAAE,CAAC;gBACX,iBAAiB,EAAE,qBAAa,CAAC,SAAS,CAAC,cAAc,CAAC,MAAM;aAC7C,CACtB,CAAC;YAEF,MAAM,CAAC,IAAI,CAAC,UAAU,CAAC,CAAC;SACzB;QACD,OAAO,MAAM,CAAC;IAChB,CAAC;IAEM,MAAM,CAAC,wBAAwB,CACpC,QAAgB,EAChB,OAAe,EACf,QAAmC,EACnC,wBAA4C,EAC5C,cAA0C;QAK1C,MAAM,SAAS,GAAuB,EAAE,CAAC;QAEzC,MAAM,iBAAiB,GAAG,iBAAiB,CAAC,gBAAgB,CAAC,QAAQ,CAAC,CAAC;QAEvE,iBAAiB,CAAC,qBAAqB,CACrC,QAAQ,EACR,wBAAwB,EACxB,cAAc,EACd,SAAS,CACV,CAAC;QAEF,iBAAiB,CAAC,oBAAoB,CACpC,cAAc,EACd,iBAAiB,EACjB,SAAS,CACV,CAAC;QAEF,MAAM,MAAM,GAAuB,iBAAiB,CAAC,mBAAmB,CACtE,QAAQ,EACR,OAAO,EACP,SAAS,CACV,CAAC;QAEF,OAAO,EAAC,QAAQ,EAAE,SAAS,EAAE,UAAU,EAAE,MAAM,EAAC,CAAC;IACnD,CAAC;CACF;AAxJD,8CAwJC","sourcesContent":["import {IFileInformation} from '@interfaces/fileProcessing';\nimport {fileIngestion} from '@glyphx/types';\nimport {generalPurposeFunctions as sharedFunctions} from '@util';\n\nexport class FileReconciliator {\n  private static getDeletedTables(fileInfo: fileIngestion.IFileInfo[]) {\n    return fileInfo\n      .filter(\n        d => d.operation === fileIngestion.constants.FILE_OPERATION.DELETE\n      )\n      .map(d => d.tableName);\n  }\n\n  private static processProcessedFiles(\n    fileInfo: fileIngestion.IFileInfo[],\n    processedFileInformation: IFileInformation[],\n    fileStatistics: fileIngestion.IFileStats[],\n    fileInfos: IFileInformation[]\n  ) {\n    fileInfo.forEach(f => {\n      if (f.operation === fileIngestion.constants.FILE_OPERATION.DELETE) return;\n      const fileStats =\n        processedFileInformation.find(\n          fi => fi.tableName === f.tableName && fi.fileName === f.fileName\n        ) ||\n        (fileStatistics.find(\n          fi => fi.tableName === f.tableName && fi.fileName === f.fileName\n        ) as unknown as IFileInformation);\n      fileInfos.push(fileStats);\n    });\n  }\n\n  private static processSuppliedFiles(\n    fileStatistics: fileIngestion.IFileStats[],\n    deletedTableNames: string[],\n    fileInfos: IFileInformation[]\n  ) {\n    fileStatistics.forEach(f => {\n      const fInfo = f as unknown as IFileInformation;\n      //we do not want any deleted tables\n      if (deletedTableNames.find(d => d === f.tableName)) return;\n      if (\n        !fileInfos.find(\n          fi => fi.tableName === f.tableName && fi.fileName === f.fileName\n        )\n      ) {\n        //these are essentially no-ops for the Athena Proceser.  This will make sure that they are included in the view, but the table wwill not be regenerated.\n        fInfo.fileOperationType = fileIngestion.constants.FILE_OPERATION.APPEND;\n        fileInfos.push(fInfo);\n      }\n    });\n  }\n\n  private static groupTables(\n    fileInfos: IFileInformation[],\n    clientId: string,\n    modelId: string\n  ) {\n    return fileInfos.reduce((group, fileInfo) => {\n      const {tableName} = fileInfo;\n      const fullTableName = sharedFunctions.getFullTableName(\n        clientId,\n        modelId,\n        tableName\n      );\n      group[fullTableName] = group[fullTableName] ?? [];\n      group[fullTableName].push(fileInfo);\n      return group;\n    }, {} as Record<string, IFileInformation[]>);\n  }\n\n  private static squashFilesToTables(\n    clientId: string,\n    modelId: string,\n    fileInfos: IFileInformation[]\n  ) {\n    const retval: IFileInformation[] = [];\n\n    const groupedByTable = FileReconciliator.groupTables(\n      fileInfos,\n      clientId,\n      modelId\n    );\n\n    for (const key in groupedByTable) {\n      const mappedData = groupedByTable[key].reduce(\n        (accum: IFileInformation, g: IFileInformation) => {\n          accum.numberOfRows += g.numberOfRows;\n          accum.fileSize += g.fileSize;\n          if (\n            accum.numberOfColumns === 0 ||\n            g.fileOperationType > accum.fileOperationType\n          ) {\n            accum.numberOfColumns = g.numberOfColumns;\n            accum.columns = g.columns;\n            accum.fileOperationType = g.fileOperationType;\n          }\n\n          if (!accum.outputFileDirecotry)\n            accum.outputFileDirecotry = g.outputFileDirecotry;\n\n          return accum;\n        },\n        {\n          tableName: key,\n          fileName: '',\n          parquetFileName: '',\n          outputFileDirecotry: '',\n          numberOfRows: 0,\n          numberOfColumns: 0,\n          columns: [],\n          fileSize: 0,\n          fileOperationType: fileIngestion.constants.FILE_OPERATION.DELETE,\n        } as IFileInformation\n      );\n\n      retval.push(mappedData);\n    }\n    return retval;\n  }\n\n  public static reconcileFileInformation(\n    clientId: string,\n    modelId: string,\n    fileInfo: fileIngestion.IFileInfo[],\n    processedFileInformation: IFileInformation[],\n    fileStatistics: fileIngestion.IFileStats[]\n  ): {\n    allFiles: IFileInformation[];\n    accumFiles: IFileInformation[];\n  } {\n    const fileInfos: IFileInformation[] = [];\n\n    const deletedTableNames = FileReconciliator.getDeletedTables(fileInfo);\n\n    FileReconciliator.processProcessedFiles(\n      fileInfo,\n      processedFileInformation,\n      fileStatistics,\n      fileInfos\n    );\n\n    FileReconciliator.processSuppliedFiles(\n      fileStatistics,\n      deletedTableNames,\n      fileInfos\n    );\n\n    const retval: IFileInformation[] = FileReconciliator.squashFilesToTables(\n      clientId,\n      modelId,\n      fileInfos\n    );\n\n    return {allFiles: fileInfos, accumFiles: retval};\n  }\n}\n"]},"_coverageSchema":"1a1c01bbd47fc00a2c39e90264f33305004495a9","hash":"19b3d995eed6d87aea7db0224bf281c2e75aba9f","contentHash":"c204a8c5e43df736cfaabf65a92eea28929eebc074f56fde74cb97dd7557d629"}}